#
# There is insufficient memory for the Java Runtime Environment to continue.
# Native memory allocation (mmap) failed to map 321912832 bytes for Failed to commit area from 0x0000000092d00000 to 0x00000000a6000000 of length 321912832.
# Possible reasons:
#   The system is out of physical RAM or swap space
#   The process is running with CompressedOops enabled, and the Java Heap may be blocking the growth of the native heap
# Possible solutions:
#   Reduce memory load on the system
#   Increase physical memory or swap space
#   Check if swap backing store is full
#   Decrease Java heap size (-Xmx/-Xms)
#   Decrease number of Java threads
#   Decrease Java thread stack sizes (-Xss)
#   Set larger code cache with -XX:ReservedCodeCacheSize=
#   JVM is running with Unscaled Compressed Oops mode in which the Java heap is
#     placed in the first 4GB address space. The Java Heap base address is the
#     maximum limit for the native heap growth. Please use -XX:HeapBaseMinAddress
#     to set the Java Heap base and to place the Java Heap above 4GB virtual address.
# This output file may be truncated or incomplete.
#
#  Out of Memory Error (./src/hotspot/os/windows/os_windows.cpp:3521), pid=13124, tid=15452
#
# JRE version: OpenJDK Runtime Environment (11.0.12+7) (build 11.0.12+7-b1504.28-7817840)
# Java VM: OpenJDK 64-Bit Server VM (11.0.12+7-b1504.28-7817840, mixed mode, tiered, compressed oops, g1 gc, windows-amd64)
# No core dump will be written. Minidumps are not enabled by default on client versions of Windows
#

---------------  S U M M A R Y ------------

Command Line: --add-opens=java.base/java.util=ALL-UNNAMED --add-opens=java.base/java.lang=ALL-UNNAMED --add-opens=java.base/java.lang.invoke=ALL-UNNAMED --add-opens=java.base/java.util=ALL-UNNAMED --add-opens=java.prefs/java.util.prefs=ALL-UNNAMED --add-opens=java.prefs/java.util.prefs=ALL-UNNAMED --add-opens=java.base/java.nio.charset=ALL-UNNAMED --add-opens=java.base/java.net=ALL-UNNAMED --add-opens=java.base/java.util.concurrent.atomic=ALL-UNNAMED -Xmx2048m -Dfile.encoding=UTF-8 -Duser.country=US -Duser.language=en -Duser.variant org.gradle.launcher.daemon.bootstrap.GradleDaemon 7.3.3

Host: Intel(R) Core(TM) i5-9400 CPU @ 2.90GHz, 6 cores, 7G,  Windows 10 , 64 bit Build 19041 (10.0.19041.1889)
Time: Mon Sep  5 15:19:38 2022 India Standard Time elapsed time: 308.823816 seconds (0d 0h 5m 8s)

---------------  T H R E A D  ---------------

Current thread (0x000001e87fbd4800):  VMThread "VM Thread" [stack: 0x0000007aa4d00000,0x0000007aa4e00000] [id=15452]

Stack: [0x0000007aa4d00000,0x0000007aa4e00000]
[error occurred during error reporting (printing stack bounds), id 0xc0000005, EXCEPTION_ACCESS_VIOLATION (0xc0000005) at pc=0x000001e86cee112d]

Native frames: (J=compiled Java code, j=interpreted, Vv=VM code, C=native code)
V  [jvm.dll+0x5fbcea]
V  [jvm.dll+0x731905]
V  [jvm.dll+0x732f1d]
V  [jvm.dll+0x733535]
V  [jvm.dll+0x7334eb]
V  [jvm.dll+0x5fb080]
V  [jvm.dll+0x5fb818]
C  [ntdll.dll+0xa229f]
C  [ntdll.dll+0x51454]
C  [ntdll.dll+0xa0dce]
C  0x000001e86cee112d

VM_Operation (0x0000007aaccfe1c0): G1CollectForAllocation, mode: safepoint, requested by thread 0x000001e80ceb5000


---------------  P R O C E S S  ---------------

Threads class SMR info:
_java_thread_list=0x000001e80d5e0280, length=121, elements={
0x000001e867bac800, 0x000001e87fbd7000, 0x000001e87fbd8800, 0x000001e804843800,
0x000001e87fbf2800, 0x000001e87fbf6800, 0x000001e87fbf9800, 0x000001e87fbff000,
0x000001e87fc1e000, 0x000001e804979000, 0x000001e805e29800, 0x000001e806273000,
0x000001e804e54800, 0x000001e805e43000, 0x000001e805e42800, 0x000001e805e45800,
0x000001e805e44000, 0x000001e805e46800, 0x000001e809198000, 0x000001e809195800,
0x000001e809197000, 0x000001e809199000, 0x000001e80919e800, 0x000001e80919d800,
0x000001e809199800, 0x000001e80919f800, 0x000001e80919b000, 0x000001e8091a0000,
0x000001e80919a800, 0x000001e8091a3800, 0x000001e8091a1800, 0x000001e8091a1000,
0x000001e8091a2800, 0x000001e8091a4000, 0x000001e805e47800, 0x000001e805e48000,
0x000001e805e49000, 0x000001e805e45000, 0x000001e8097b7000, 0x000001e8097b5800,
0x000001e8097b8000, 0x000001e8097b9000, 0x000001e8097b6800, 0x000001e8097b9800,
0x000001e8097ba800, 0x000001e8097b5000, 0x000001e8097bf800, 0x000001e8097bc000,
0x000001e8097bd000, 0x000001e8097bd800, 0x000001e8097bb800, 0x000001e8097c2000,
0x000001e8097c0000, 0x000001e8097c1000, 0x000001e8097be800, 0x000001e8097c2800,
0x000001e8097c3800, 0x000001e808fe3000, 0x000001e808fde000, 0x000001e808fdf800,
0x000001e808fdd800, 0x000001e808fe2000, 0x000001e808fdf000, 0x000001e808fe4000,
0x000001e808fe0800, 0x000001e808fe1800, 0x000001e80902a000, 0x000001e80902a800,
0x000001e80902c800, 0x000001e80902d000, 0x000001e80902e000, 0x000001e809029000,
0x000001e809028800, 0x000001e80902f000, 0x000001e80902f800, 0x000001e809030800,
0x000001e80902b800, 0x000001e809033800, 0x000001e809036000, 0x000001e809031800,
0x000001e809034800, 0x000001e809037000, 0x000001e809033000, 0x000001e809035800,
0x000001e809032000, 0x000001e807526800, 0x000001e80752a800, 0x000001e807527000,
0x000001e807529000, 0x000001e80752b000, 0x000001e807528000, 0x000001e807525800,
0x000001e80752c000, 0x000001e80752d000, 0x000001e80752d800, 0x000001e80752e800,
0x000001e80752f800, 0x000001e807529800, 0x000001e807532800, 0x000001e807534000,
0x000001e807532000, 0x000001e807530000, 0x000001e807531000, 0x000001e807533800,
0x000001e80ceaf800, 0x000001e80cead800, 0x000001e80ceac000, 0x000001e80ceaa800,
0x000001e80ceae800, 0x000001e80ceb0000, 0x000001e80ceab800, 0x000001e80ceb2800,
0x000001e80cead000, 0x000001e80ceb6000, 0x000001e80ceb3800, 0x000001e80ceb8800,
0x000001e80ceb4000, 0x000001e80ceb6800, 0x000001e80ceb5000, 0x000001e80ceb7800,
0x000001e80ceb9000
}

Java Threads: ( => current thread )
  0x000001e867bac800 JavaThread "main" [_thread_blocked, id=12040, stack(0x0000007aa4700000,0x0000007aa4800000)]
  0x000001e87fbd7000 JavaThread "Reference Handler" daemon [_thread_blocked, id=1660, stack(0x0000007aa4e00000,0x0000007aa4f00000)]
  0x000001e87fbd8800 JavaThread "Finalizer" daemon [_thread_blocked, id=14320, stack(0x0000007aa4f00000,0x0000007aa5000000)]
  0x000001e804843800 JavaThread "Signal Dispatcher" daemon [_thread_blocked, id=8924, stack(0x0000007aa5000000,0x0000007aa5100000)]
  0x000001e87fbf2800 JavaThread "Attach Listener" daemon [_thread_blocked, id=9792, stack(0x0000007aa5100000,0x0000007aa5200000)]
  0x000001e87fbf6800 JavaThread "Service Thread" daemon [_thread_blocked, id=3968, stack(0x0000007aa5200000,0x0000007aa5300000)]
  0x000001e87fbf9800 JavaThread "C2 CompilerThread0" daemon [_thread_blocked, id=2776, stack(0x0000007aa5300000,0x0000007aa5400000)]
  0x000001e87fbff000 JavaThread "C1 CompilerThread0" daemon [_thread_blocked, id=4044, stack(0x0000007aa5400000,0x0000007aa5500000)]
  0x000001e87fc1e000 JavaThread "Sweeper thread" daemon [_thread_blocked, id=9060, stack(0x0000007aa5500000,0x0000007aa5600000)]
  0x000001e804979000 JavaThread "Common-Cleaner" daemon [_thread_blocked, id=10464, stack(0x0000007aa5600000,0x0000007aa5700000)]
  0x000001e805e29800 JavaThread "Daemon health stats" [_thread_blocked, id=13368, stack(0x0000007aa5a00000,0x0000007aa5b00000)]
  0x000001e806273000 JavaThread "Incoming local TCP Connector on port 58753" [_thread_in_native, id=6868, stack(0x0000007aa5b00000,0x0000007aa5c00000)]
  0x000001e804e54800 JavaThread "Daemon periodic checks" [_thread_blocked, id=12480, stack(0x0000007aa5c00000,0x0000007aa5d00000)]
  0x000001e805e43000 JavaThread "Cache worker for journal cache (C:\Users\Amit Dhiman\.gradle\caches\journal-1)" [_thread_blocked, id=14260, stack(0x0000007aa6700000,0x0000007aa6800000)]
  0x000001e805e42800 JavaThread "File lock request listener" [_thread_in_native, id=10600, stack(0x0000007aa6800000,0x0000007aa6900000)]
  0x000001e805e45800 JavaThread "Cache worker for file hash cache (C:\Users\Amit Dhiman\.gradle\caches\7.3.3\fileHashes)" [_thread_blocked, id=8252, stack(0x0000007aa6900000,0x0000007aa6a00000)]
  0x000001e805e44000 JavaThread "File watcher server" daemon [_thread_blocked, id=7068, stack(0x0000007aa6c00000,0x0000007aa6d00000)]
  0x000001e805e46800 JavaThread "File watcher consumer" daemon [_thread_blocked, id=11972, stack(0x0000007aa6d00000,0x0000007aa6e00000)]
  0x000001e809198000 JavaThread "Cache worker for execution history cache (C:\Users\Amit Dhiman\.gradle\caches\7.3.3\executionHistory)" [_thread_blocked, id=15184, stack(0x0000007aa7100000,0x0000007aa7200000)]
  0x000001e809195800 JavaThread "jar transforms" [_thread_blocked, id=2276, stack(0x0000007aa7200000,0x0000007aa7300000)]
  0x000001e809197000 JavaThread "Cache worker for file content cache (C:\Users\Amit Dhiman\.gradle\caches\7.3.3\fileContent)" [_thread_blocked, id=10628, stack(0x0000007aa7300000,0x0000007aa7400000)]
  0x000001e809199000 JavaThread "jar transforms Thread 2" [_thread_blocked, id=7088, stack(0x0000007aa7400000,0x0000007aa7500000)]
  0x000001e80919e800 JavaThread "Daemon Thread 2" [_thread_blocked, id=7576, stack(0x0000007aa4400000,0x0000007aa4500000)]
  0x000001e80919d800 JavaThread "Handler for socket connection from /127.0.0.1:58753 to /127.0.0.1:58945" [_thread_in_native, id=8356, stack(0x0000007aa4500000,0x0000007aa4600000)]
  0x000001e809199800 JavaThread "Cancel handler" [_thread_blocked, id=16016, stack(0x0000007aa4600000,0x0000007aa4700000)]
  0x000001e80919f800 JavaThread "Daemon worker Thread 2" [_thread_blocked, id=11564, stack(0x0000007aa5d00000,0x0000007aa5e00000)]
  0x000001e80919b000 JavaThread "Asynchronous log dispatcher for DefaultDaemonConnection: socket connection from /127.0.0.1:58753 to /127.0.0.1:58945" [_thread_blocked, id=3928, stack(0x0000007aa5e00000,0x0000007aa5f00000)]
  0x000001e8091a0000 JavaThread "Stdin handler" [_thread_blocked, id=8100, stack(0x0000007aa5f00000,0x0000007aa6000000)]
  0x000001e80919a800 JavaThread "Daemon client event forwarder" [_thread_blocked, id=12060, stack(0x0000007aa6000000,0x0000007aa6100000)]
  0x000001e8091a3800 JavaThread "Cache worker for file hash cache (C:\Users\Amit Dhiman\Geotagger\.gradle\7.3.3\fileHashes)" [_thread_blocked, id=14588, stack(0x0000007aa6100000,0x0000007aa6200000)]
  0x000001e8091a1800 JavaThread "Cache worker for checksums cache (C:\Users\Amit Dhiman\Geotagger\.gradle\7.3.3\checksums)" [_thread_blocked, id=3504, stack(0x0000007aa6200000,0x0000007aa6300000)]
  0x000001e8091a1000 JavaThread "Cache worker for cache directory md-supplier (C:\Users\Amit Dhiman\.gradle\caches\7.3.3\md-supplier)" [_thread_blocked, id=1040, stack(0x0000007aa6300000,0x0000007aa6400000)]
  0x000001e8091a2800 JavaThread "Cache worker for cache directory md-rule (C:\Users\Amit Dhiman\.gradle\caches\7.3.3\md-rule)" [_thread_blocked, id=14516, stack(0x0000007aa6b00000,0x0000007aa6c00000)]
  0x000001e8091a4000 JavaThread "Cache worker for dependencies-accessors (C:\Users\Amit Dhiman\Geotagger\.gradle\7.3.3\dependencies-accessors)" [_thread_blocked, id=3868, stack(0x0000007aa6e00000,0x0000007aa6f00000)]
  0x000001e805e47800 JavaThread "jar transforms Thread 3" [_thread_blocked, id=16100, stack(0x0000007aa6f00000,0x0000007aa7000000)]
  0x000001e805e48000 JavaThread "Cache worker for Build Output Cleanup Cache (C:\Users\Amit Dhiman\Geotagger\.gradle\buildOutputCleanup)" [_thread_blocked, id=1576, stack(0x0000007aa7000000,0x0000007aa7100000)]
  0x000001e805e49000 JavaThread "Unconstrained build operations" [_thread_blocked, id=11208, stack(0x0000007aa7500000,0x0000007aa7600000)]
  0x000001e805e45000 JavaThread "Unconstrained build operations Thread 2" [_thread_blocked, id=5716, stack(0x0000007aa7600000,0x0000007aa7700000)]
  0x000001e8097b7000 JavaThread "Unconstrained build operations Thread 3" [_thread_blocked, id=14688, stack(0x0000007aa7700000,0x0000007aa7800000)]
  0x000001e8097b5800 JavaThread "Unconstrained build operations Thread 4" [_thread_blocked, id=12568, stack(0x0000007aa7800000,0x0000007aa7900000)]
  0x000001e8097b8000 JavaThread "Unconstrained build operations Thread 5" [_thread_blocked, id=15192, stack(0x0000007aa7900000,0x0000007aa7a00000)]
  0x000001e8097b9000 JavaThread "Unconstrained build operations Thread 6" [_thread_blocked, id=14080, stack(0x0000007aa7a00000,0x0000007aa7b00000)]
  0x000001e8097b6800 JavaThread "Unconstrained build operations Thread 7" [_thread_blocked, id=2084, stack(0x0000007aa7b00000,0x0000007aa7c00000)]
  0x000001e8097b9800 JavaThread "Unconstrained build operations Thread 8" [_thread_blocked, id=6340, stack(0x0000007aa7c00000,0x0000007aa7d00000)]
  0x000001e8097ba800 JavaThread "Unconstrained build operations Thread 9" [_thread_blocked, id=14520, stack(0x0000007aa7d00000,0x0000007aa7e00000)]
  0x000001e8097b5000 JavaThread "Unconstrained build operations Thread 10" [_thread_blocked, id=7764, stack(0x0000007aa7e00000,0x0000007aa7f00000)]
  0x000001e8097bf800 JavaThread "Unconstrained build operations Thread 11" [_thread_blocked, id=13392, stack(0x0000007aa7f00000,0x0000007aa8000000)]
  0x000001e8097bc000 JavaThread "Unconstrained build operations Thread 12" [_thread_blocked, id=12668, stack(0x0000007aa8000000,0x0000007aa8100000)]
  0x000001e8097bd000 JavaThread "Unconstrained build operations Thread 13" [_thread_blocked, id=11232, stack(0x0000007aa8100000,0x0000007aa8200000)]
  0x000001e8097bd800 JavaThread "Unconstrained build operations Thread 14" [_thread_blocked, id=14372, stack(0x0000007aa8200000,0x0000007aa8300000)]
  0x000001e8097bb800 JavaThread "Unconstrained build operations Thread 15" [_thread_blocked, id=15976, stack(0x0000007aa8300000,0x0000007aa8400000)]
  0x000001e8097c2000 JavaThread "Unconstrained build operations Thread 16" [_thread_blocked, id=12416, stack(0x0000007aa8400000,0x0000007aa8500000)]
  0x000001e8097c0000 JavaThread "Unconstrained build operations Thread 17" [_thread_blocked, id=15924, stack(0x0000007aa8500000,0x0000007aa8600000)]
  0x000001e8097c1000 JavaThread "Unconstrained build operations Thread 18" [_thread_blocked, id=3552, stack(0x0000007aa8600000,0x0000007aa8700000)]
  0x000001e8097be800 JavaThread "Unconstrained build operations Thread 19" [_thread_blocked, id=12072, stack(0x0000007aa8700000,0x0000007aa8800000)]
  0x000001e8097c2800 JavaThread "Unconstrained build operations Thread 20" [_thread_blocked, id=13616, stack(0x0000007aa8800000,0x0000007aa8900000)]
  0x000001e8097c3800 JavaThread "Unconstrained build operations Thread 21" [_thread_blocked, id=8392, stack(0x0000007aa8900000,0x0000007aa8a00000)]
  0x000001e808fe3000 JavaThread "Unconstrained build operations Thread 22" [_thread_blocked, id=14132, stack(0x0000007aa8a00000,0x0000007aa8b00000)]
  0x000001e808fde000 JavaThread "Unconstrained build operations Thread 23" [_thread_blocked, id=10892, stack(0x0000007aa8b00000,0x0000007aa8c00000)]
  0x000001e808fdf800 JavaThread "Unconstrained build operations Thread 24" [_thread_blocked, id=9312, stack(0x0000007aa8c00000,0x0000007aa8d00000)]
  0x000001e808fdd800 JavaThread "Unconstrained build operations Thread 25" [_thread_blocked, id=11348, stack(0x0000007aa8d00000,0x0000007aa8e00000)]
  0x000001e808fe2000 JavaThread "Unconstrained build operations Thread 26" [_thread_blocked, id=4264, stack(0x0000007aa8e00000,0x0000007aa8f00000)]
  0x000001e808fdf000 JavaThread "Unconstrained build operations Thread 27" [_thread_blocked, id=9852, stack(0x0000007aa8f00000,0x0000007aa9000000)]
  0x000001e808fe4000 JavaThread "Unconstrained build operations Thread 28" [_thread_blocked, id=15108, stack(0x0000007aa9000000,0x0000007aa9100000)]
  0x000001e808fe0800 JavaThread "Unconstrained build operations Thread 29" [_thread_blocked, id=12496, stack(0x0000007aa9100000,0x0000007aa9200000)]
  0x000001e808fe1800 JavaThread "Unconstrained build operations Thread 30" [_thread_blocked, id=14612, stack(0x0000007aa9200000,0x0000007aa9300000)]
  0x000001e80902a000 JavaThread "Unconstrained build operations Thread 31" [_thread_blocked, id=6024, stack(0x0000007aa9300000,0x0000007aa9400000)]
  0x000001e80902a800 JavaThread "Unconstrained build operations Thread 32" [_thread_blocked, id=6188, stack(0x0000007aa9400000,0x0000007aa9500000)]
  0x000001e80902c800 JavaThread "Unconstrained build operations Thread 33" [_thread_blocked, id=10184, stack(0x0000007aa9500000,0x0000007aa9600000)]
  0x000001e80902d000 JavaThread "Unconstrained build operations Thread 34" [_thread_blocked, id=11984, stack(0x0000007aa9600000,0x0000007aa9700000)]
  0x000001e80902e000 JavaThread "Unconstrained build operations Thread 35" [_thread_blocked, id=3152, stack(0x0000007aa9700000,0x0000007aa9800000)]
  0x000001e809029000 JavaThread "Unconstrained build operations Thread 36" [_thread_blocked, id=11200, stack(0x0000007aa9800000,0x0000007aa9900000)]
  0x000001e809028800 JavaThread "Unconstrained build operations Thread 37" [_thread_blocked, id=15216, stack(0x0000007aa9900000,0x0000007aa9a00000)]
  0x000001e80902f000 JavaThread "Unconstrained build operations Thread 38" [_thread_blocked, id=1832, stack(0x0000007aa9a00000,0x0000007aa9b00000)]
  0x000001e80902f800 JavaThread "Unconstrained build operations Thread 39" [_thread_blocked, id=6912, stack(0x0000007aa9b00000,0x0000007aa9c00000)]
  0x000001e809030800 JavaThread "Unconstrained build operations Thread 40" [_thread_blocked, id=9500, stack(0x0000007aa9c00000,0x0000007aa9d00000)]
  0x000001e80902b800 JavaThread "Unconstrained build operations Thread 41" [_thread_blocked, id=15376, stack(0x0000007aa9d00000,0x0000007aa9e00000)]
  0x000001e809033800 JavaThread "Unconstrained build operations Thread 42" [_thread_blocked, id=12672, stack(0x0000007aa9e00000,0x0000007aa9f00000)]
  0x000001e809036000 JavaThread "Unconstrained build operations Thread 43" [_thread_blocked, id=9076, stack(0x0000007aa9f00000,0x0000007aaa000000)]
  0x000001e809031800 JavaThread "Unconstrained build operations Thread 44" [_thread_blocked, id=7916, stack(0x0000007aaa000000,0x0000007aaa100000)]
  0x000001e809034800 JavaThread "Unconstrained build operations Thread 45" [_thread_blocked, id=14100, stack(0x0000007aaa100000,0x0000007aaa200000)]
  0x000001e809037000 JavaThread "Unconstrained build operations Thread 46" [_thread_blocked, id=10384, stack(0x0000007aaa200000,0x0000007aaa300000)]
  0x000001e809033000 JavaThread "Unconstrained build operations Thread 47" [_thread_blocked, id=12828, stack(0x0000007aaa300000,0x0000007aaa400000)]
  0x000001e809035800 JavaThread "Unconstrained build operations Thread 48" [_thread_blocked, id=5632, stack(0x0000007aaa400000,0x0000007aaa500000)]
  0x000001e809032000 JavaThread "Unconstrained build operations Thread 49" [_thread_blocked, id=10792, stack(0x0000007aaa500000,0x0000007aaa600000)]
  0x000001e807526800 JavaThread "Unconstrained build operations Thread 50" [_thread_blocked, id=10816, stack(0x0000007aaa600000,0x0000007aaa700000)]
  0x000001e80752a800 JavaThread "Unconstrained build operations Thread 51" [_thread_blocked, id=9092, stack(0x0000007aaa700000,0x0000007aaa800000)]
  0x000001e807527000 JavaThread "Unconstrained build operations Thread 52" [_thread_blocked, id=8224, stack(0x0000007aaa800000,0x0000007aaa900000)]
  0x000001e807529000 JavaThread "Unconstrained build operations Thread 53" [_thread_blocked, id=13760, stack(0x0000007aaa900000,0x0000007aaaa00000)]
  0x000001e80752b000 JavaThread "Unconstrained build operations Thread 54" [_thread_blocked, id=16256, stack(0x0000007aaaa00000,0x0000007aaab00000)]
  0x000001e807528000 JavaThread "Unconstrained build operations Thread 55" [_thread_blocked, id=11104, stack(0x0000007aaab00000,0x0000007aaac00000)]
  0x000001e807525800 JavaThread "Unconstrained build operations Thread 56" [_thread_blocked, id=2404, stack(0x0000007aaac00000,0x0000007aaad00000)]
  0x000001e80752c000 JavaThread "Unconstrained build operations Thread 57" [_thread_blocked, id=12732, stack(0x0000007aaad00000,0x0000007aaae00000)]
  0x000001e80752d000 JavaThread "Unconstrained build operations Thread 58" [_thread_blocked, id=15128, stack(0x0000007aaae00000,0x0000007aaaf00000)]
  0x000001e80752d800 JavaThread "Unconstrained build operations Thread 59" [_thread_blocked, id=7064, stack(0x0000007aaaf00000,0x0000007aab000000)]
  0x000001e80752e800 JavaThread "Unconstrained build operations Thread 60" [_thread_blocked, id=10236, stack(0x0000007aab000000,0x0000007aab100000)]
  0x000001e80752f800 JavaThread "jar transforms Thread 4" [_thread_blocked, id=15368, stack(0x0000007aab100000,0x0000007aab200000)]
  0x000001e807529800 JavaThread "jar transforms Thread 5" [_thread_blocked, id=3408, stack(0x0000007aab200000,0x0000007aab300000)]
  0x000001e807532800 JavaThread "jar transforms Thread 6" [_thread_blocked, id=11524, stack(0x0000007aab300000,0x0000007aab400000)]
  0x000001e807534000 JavaThread "Memory manager" [_thread_blocked, id=1108, stack(0x0000007aab400000,0x0000007aab500000)]
  0x000001e807532000 JavaThread "build event listener" [_thread_blocked, id=13624, stack(0x0000007aab700000,0x0000007aab800000)]
  0x000001e807530000 JavaThread "Execution worker for ':'" [_thread_blocked, id=15476, stack(0x0000007aab800000,0x0000007aab900000)]
  0x000001e807531000 JavaThread "Execution worker for ':' Thread 2" [_thread_blocked, id=1508, stack(0x0000007aab900000,0x0000007aaba00000)]
  0x000001e807533800 JavaThread "Execution worker for ':' Thread 3" [_thread_blocked, id=12952, stack(0x0000007aaba00000,0x0000007aabb00000)]
  0x000001e80ceaf800 JavaThread "Execution worker for ':' Thread 4" [_thread_blocked, id=15972, stack(0x0000007aabb00000,0x0000007aabc00000)]
  0x000001e80cead800 JavaThread "Execution worker for ':' Thread 5" [_thread_blocked, id=14068, stack(0x0000007aabc00000,0x0000007aabd00000)]
  0x000001e80ceac000 JavaThread "Cache worker for execution history cache (C:\Users\Amit Dhiman\Geotagger\.gradle\7.3.3\executionHistory)" [_thread_blocked, id=15300, stack(0x0000007aabd00000,0x0000007aabe00000)]
  0x000001e80ceaa800 JavaThread "WorkerExecutor Queue" [_thread_blocked, id=11668, stack(0x0000007aabe00000,0x0000007aabf00000)]
  0x000001e80ceae800 JavaThread "WorkerExecutor Queue Thread 2" [_thread_blocked, id=8200, stack(0x0000007aac000000,0x0000007aac100000)]
  0x000001e80ceb0000 JavaThread "WorkerExecutor Queue Thread 3" [_thread_blocked, id=6616, stack(0x0000007aac100000,0x0000007aac200000)]
  0x000001e80ceab800 JavaThread "WorkerExecutor Queue Thread 4" [_thread_blocked, id=7484, stack(0x0000007aac200000,0x0000007aac300000)]
  0x000001e80ceb2800 JavaThread "WorkerExecutor Queue Thread 7" [_thread_blocked, id=11128, stack(0x0000007aac500000,0x0000007aac600000)]
  0x000001e80cead000 JavaThread "pool-3-thread-1" [_thread_blocked, id=14432, stack(0x0000007aac600000,0x0000007aac700000)]
  0x000001e80ceb6000 JavaThread "stderr" [_thread_in_native, id=13904, stack(0x0000007aac700000,0x0000007aac800000)]
  0x000001e80ceb3800 JavaThread "stdout" [_thread_in_native, id=8016, stack(0x0000007aac800000,0x0000007aac900000)]
  0x000001e80ceb8800 JavaThread "ForkJoinPool-1-worker-3" daemon [_thread_blocked, id=9820, stack(0x0000007aac900000,0x0000007aaca00000)]
  0x000001e80ceb4000 JavaThread "ForkJoinPool-1-worker-5" daemon [_thread_blocked, id=12908, stack(0x0000007aaca00000,0x0000007aacb00000)]
  0x000001e80ceb6800 JavaThread "ForkJoinPool-1-worker-7" daemon [_thread_blocked, id=8284, stack(0x0000007aacb00000,0x0000007aacc00000)]
  0x000001e80ceb5000 JavaThread "ForkJoinPool-1-worker-9" daemon [_thread_blocked, id=9016, stack(0x0000007aacc00000,0x0000007aacd00000)]
  0x000001e80ceb7800 JavaThread "ForkJoinPool-1-worker-11" daemon [_thread_blocked, id=2236, stack(0x0000007aacd00000,0x0000007aace00000)]
  0x000001e80ceb9000 JavaThread "ForkJoinPool-1-worker-13" daemon [_thread_blocked, id=16044, stack(0x0000007aace00000,0x0000007aacf00000)]

Other Threads:
=>0x000001e87fbd4800 VMThread "VM Thread" [stack: 0x0000007aa4d00000,0x0000007aa4e00000] [id=15452]
  0x000001e8049ae800 WatcherThread [stack: 0x0000007aa5700000,0x0000007aa5800000] [id=8208]
  0x000001e867bc5800 GCTaskThread "GC Thread#0" [stack: 0x0000007aa4800000,0x0000007aa4900000] [id=10488]
  0x000001e8055f1000 GCTaskThread "GC Thread#1" [stack: 0x0000007aa5800000,0x0000007aa5900000] [id=16220]
  0x000001e805254000 GCTaskThread "GC Thread#2" [stack: 0x0000007aa5900000,0x0000007aa5a00000] [id=6728]
  0x000001e8068ac800 GCTaskThread "GC Thread#3" [stack: 0x0000007aa6400000,0x0000007aa6500000] [id=972]
  0x000001e8060bf000 GCTaskThread "GC Thread#4" [stack: 0x0000007aa6500000,0x0000007aa6600000] [id=12800]
  0x000001e806786000 GCTaskThread "GC Thread#5" [stack: 0x0000007aa6600000,0x0000007aa6700000] [id=11240]
  0x000001e867bf7000 ConcurrentGCThread "G1 Main Marker" [stack: 0x0000007aa4900000,0x0000007aa4a00000] [id=4892]
  0x000001e867bf8000 ConcurrentGCThread "G1 Conc#0" [stack: 0x0000007aa4a00000,0x0000007aa4b00000] [id=7036]
  0x000001e806ca8000 ConcurrentGCThread "G1 Conc#1" [stack: 0x0000007aa6a00000,0x0000007aa6b00000] [id=3700]
  0x000001e867c8e800 ConcurrentGCThread "G1 Refine#0" [stack: 0x0000007aa4b00000,0x0000007aa4c00000] [id=10400]
  0x000001e87fa22800 ConcurrentGCThread "G1 Young RemSet Sampling" [stack: 0x0000007aa4c00000,0x0000007aa4d00000] [id=11292]

Threads with active compile tasks:
C2 CompilerThread0 308880 13039       4       com.android.tools.r8.graph.O::a (275 bytes)

VM state:at safepoint (normal execution)

VM Mutex/Monitor currently owned by a thread:  ([mutex/lock_event])
[0x000001e867ba9c90] Threads_lock - owner thread: 0x000001e87fbd4800
[0x000001e867ba9390] Heap_lock - owner thread: 0x000001e80ceb5000

Heap address: 0x0000000080000000, size: 2048 MB, Compressed Oops mode: 32-bit
Narrow klass base: 0x0000000000000000, Narrow klass shift: 3
Compressed class space size: 1073741824 Address: 0x0000000100000000

Heap:
 garbage-first heap   total 622592K, used 169343K [0x0000000080000000, 0x0000000100000000)
  region size 1024K, 7 young (7168K), 7 survivors (7168K)
 Metaspace       used 103534K, capacity 106226K, committed 106412K, reserved 1140736K
  class space    used 13467K, capacity 14490K, committed 14592K, reserved 1048576K
Heap Regions: E=young(eden), S=young(survivor), O=old, HS=humongous(starts), HC=humongous(continues), CS=collection set, F=free, A=archive, TAMS=top-at-mark-start (previous, next)
|   0|0x0000000080000000, 0x0000000080100000, 0x0000000080100000|100%| O|  |TAMS 0x0000000080100000, 0x0000000080000000| Untracked 
|   1|0x0000000080100000, 0x0000000080200000, 0x0000000080200000|100%| O|  |TAMS 0x0000000080200000, 0x0000000080100000| Untracked 
|   2|0x0000000080200000, 0x0000000080300000, 0x0000000080300000|100%| O|  |TAMS 0x0000000080300000, 0x0000000080200000| Untracked 
|   3|0x0000000080300000, 0x0000000080400000, 0x0000000080400000|100%|HS|  |TAMS 0x0000000080400000, 0x0000000080300000| Complete 
|   4|0x0000000080400000, 0x0000000080500000, 0x0000000080500000|100%|HC|  |TAMS 0x0000000080500000, 0x0000000080400000| Complete 
|   5|0x0000000080500000, 0x0000000080600000, 0x0000000080600000|100%|HC|  |TAMS 0x0000000080600000, 0x0000000080500000| Complete 
|   6|0x0000000080600000, 0x0000000080700000, 0x0000000080700000|100%| O|  |TAMS 0x0000000080700000, 0x0000000080600000| Untracked 
|   7|0x0000000080700000, 0x0000000080800000, 0x0000000080800000|100%| O|  |TAMS 0x0000000080800000, 0x0000000080700000| Untracked 
|   8|0x0000000080800000, 0x0000000080900000, 0x0000000080900000|100%| O|  |TAMS 0x0000000080900000, 0x0000000080800000| Untracked 
|   9|0x0000000080900000, 0x0000000080a00000, 0x0000000080a00000|100%| O|  |TAMS 0x0000000080a00000, 0x0000000080900000| Untracked 
|  10|0x0000000080a00000, 0x0000000080b00000, 0x0000000080b00000|100%| O|  |TAMS 0x0000000080b00000, 0x0000000080a00000| Untracked 
|  11|0x0000000080b00000, 0x0000000080c00000, 0x0000000080c00000|100%| O|  |TAMS 0x0000000080c00000, 0x0000000080b00000| Untracked 
|  12|0x0000000080c00000, 0x0000000080d00000, 0x0000000080d00000|100%| O|  |TAMS 0x0000000080d00000, 0x0000000080c00000| Untracked 
|  13|0x0000000080d00000, 0x0000000080e00000, 0x0000000080e00000|100%| O|  |TAMS 0x0000000080e00000, 0x0000000080d00000| Untracked 
|  14|0x0000000080e00000, 0x0000000080f00000, 0x0000000080f00000|100%| O|  |TAMS 0x0000000080f00000, 0x0000000080e00000| Untracked 
|  15|0x0000000080f00000, 0x0000000081000000, 0x0000000081000000|100%| O|  |TAMS 0x0000000081000000, 0x0000000080f00000| Untracked 
|  16|0x0000000081000000, 0x0000000081100000, 0x0000000081100000|100%|HS|  |TAMS 0x0000000081100000, 0x0000000081000000| Complete 
|  17|0x0000000081100000, 0x0000000081200000, 0x0000000081200000|100%| O|  |TAMS 0x0000000081200000, 0x0000000081100000| Untracked 
|  18|0x0000000081200000, 0x0000000081300000, 0x0000000081300000|100%| O|  |TAMS 0x0000000081300000, 0x0000000081200000| Untracked 
|  19|0x0000000081300000, 0x0000000081400000, 0x0000000081400000|100%| O|  |TAMS 0x0000000081400000, 0x0000000081300000| Untracked 
|  20|0x0000000081400000, 0x0000000081500000, 0x0000000081500000|100%| O|  |TAMS 0x0000000081500000, 0x0000000081400000| Untracked 
|  21|0x0000000081500000, 0x0000000081600000, 0x0000000081600000|100%| O|  |TAMS 0x0000000081600000, 0x0000000081500000| Untracked 
|  22|0x0000000081600000, 0x0000000081700000, 0x0000000081700000|100%| O|  |TAMS 0x0000000081700000, 0x0000000081600000| Untracked 
|  23|0x0000000081700000, 0x0000000081800000, 0x0000000081800000|100%| O|  |TAMS 0x0000000081800000, 0x0000000081700000| Untracked 
|  24|0x0000000081800000, 0x0000000081900000, 0x0000000081900000|100%| O|  |TAMS 0x0000000081900000, 0x0000000081800000| Untracked 
|  25|0x0000000081900000, 0x0000000081a00000, 0x0000000081a00000|100%| O|  |TAMS 0x0000000081a00000, 0x0000000081900000| Untracked 
|  26|0x0000000081a00000, 0x0000000081b00000, 0x0000000081b00000|100%| O|  |TAMS 0x0000000081b00000, 0x0000000081a00000| Untracked 
|  27|0x0000000081b00000, 0x0000000081c00000, 0x0000000081c00000|100%| O|  |TAMS 0x0000000081c00000, 0x0000000081b00000| Untracked 
|  28|0x0000000081c00000, 0x0000000081d00000, 0x0000000081d00000|100%|HS|  |TAMS 0x0000000081d00000, 0x0000000081c00000| Complete 
|  29|0x0000000081d00000, 0x0000000081e00000, 0x0000000081e00000|100%|HS|  |TAMS 0x0000000081e00000, 0x0000000081d00000| Complete 
|  30|0x0000000081e00000, 0x0000000081f00000, 0x0000000081f00000|100%|HC|  |TAMS 0x0000000081f00000, 0x0000000081e00000| Complete 
|  31|0x0000000081f00000, 0x0000000082000000, 0x0000000082000000|100%| O|  |TAMS 0x0000000082000000, 0x0000000081f00000| Untracked 
|  32|0x0000000082000000, 0x0000000082100000, 0x0000000082100000|100%| O|  |TAMS 0x0000000082100000, 0x0000000082000000| Untracked 
|  33|0x0000000082100000, 0x0000000082200000, 0x0000000082200000|100%| O|  |TAMS 0x0000000082200000, 0x0000000082100000| Untracked 
|  34|0x0000000082200000, 0x0000000082300000, 0x0000000082300000|100%| O|  |TAMS 0x0000000082300000, 0x0000000082200000| Untracked 
|  35|0x0000000082300000, 0x0000000082400000, 0x0000000082400000|100%| O|  |TAMS 0x0000000082400000, 0x0000000082300000| Untracked 
|  36|0x0000000082400000, 0x0000000082500000, 0x0000000082500000|100%| O|  |TAMS 0x0000000082500000, 0x0000000082400000| Untracked 
|  37|0x0000000082500000, 0x0000000082600000, 0x0000000082600000|100%| O|  |TAMS 0x0000000082600000, 0x0000000082500000| Untracked 
|  38|0x0000000082600000, 0x0000000082700000, 0x0000000082700000|100%| O|  |TAMS 0x0000000082700000, 0x0000000082600000| Untracked 
|  39|0x0000000082700000, 0x0000000082800000, 0x0000000082800000|100%| O|  |TAMS 0x0000000082800000, 0x0000000082700000| Untracked 
|  40|0x0000000082800000, 0x0000000082900000, 0x0000000082900000|100%| O|  |TAMS 0x0000000082900000, 0x0000000082800000| Untracked 
|  41|0x0000000082900000, 0x0000000082a00000, 0x0000000082a00000|100%| O|  |TAMS 0x0000000082a00000, 0x0000000082900000| Untracked 
|  42|0x0000000082a00000, 0x0000000082b00000, 0x0000000082b00000|100%| O|  |TAMS 0x0000000082b00000, 0x0000000082a00000| Untracked 
|  43|0x0000000082b00000, 0x0000000082c00000, 0x0000000082c00000|100%| O|  |TAMS 0x0000000082c00000, 0x0000000082b00000| Untracked 
|  44|0x0000000082c00000, 0x0000000082d00000, 0x0000000082d00000|100%| O|  |TAMS 0x0000000082d00000, 0x0000000082c00000| Untracked 
|  45|0x0000000082d00000, 0x0000000082e00000, 0x0000000082e00000|100%| O|  |TAMS 0x0000000082e00000, 0x0000000082d00000| Untracked 
|  46|0x0000000082e00000, 0x0000000082f00000, 0x0000000082f00000|100%| O|  |TAMS 0x0000000082f00000, 0x0000000082e00000| Untracked 
|  47|0x0000000082f00000, 0x0000000083000000, 0x0000000083000000|100%| O|  |TAMS 0x0000000083000000, 0x0000000082f00000| Untracked 
|  48|0x0000000083000000, 0x0000000083100000, 0x0000000083100000|100%| O|  |TAMS 0x0000000083100000, 0x0000000083000000| Untracked 
|  49|0x0000000083100000, 0x0000000083200000, 0x0000000083200000|100%| O|  |TAMS 0x0000000083200000, 0x0000000083100000| Untracked 
|  50|0x0000000083200000, 0x0000000083300000, 0x0000000083300000|100%| O|  |TAMS 0x0000000083300000, 0x0000000083200000| Untracked 
|  51|0x0000000083300000, 0x0000000083400000, 0x0000000083400000|100%| O|  |TAMS 0x0000000083400000, 0x0000000083300000| Untracked 
|  52|0x0000000083400000, 0x0000000083500000, 0x0000000083500000|100%| O|  |TAMS 0x0000000083500000, 0x0000000083400000| Untracked 
|  53|0x0000000083500000, 0x0000000083600000, 0x0000000083600000|100%| O|  |TAMS 0x0000000083600000, 0x0000000083500000| Untracked 
|  54|0x0000000083600000, 0x0000000083700000, 0x0000000083700000|100%| O|  |TAMS 0x0000000083700000, 0x0000000083600000| Untracked 
|  55|0x0000000083700000, 0x0000000083800000, 0x0000000083800000|100%| O|  |TAMS 0x0000000083800000, 0x0000000083700000| Untracked 
|  56|0x0000000083800000, 0x0000000083900000, 0x0000000083900000|100%| O|  |TAMS 0x0000000083900000, 0x0000000083800000| Untracked 
|  57|0x0000000083900000, 0x0000000083a00000, 0x0000000083a00000|100%| O|  |TAMS 0x0000000083a00000, 0x0000000083900000| Untracked 
|  58|0x0000000083a00000, 0x0000000083b00000, 0x0000000083b00000|100%| O|  |TAMS 0x0000000083b00000, 0x0000000083a00000| Untracked 
|  59|0x0000000083b00000, 0x0000000083c00000, 0x0000000083c00000|100%| O|  |TAMS 0x0000000083c00000, 0x0000000083b00000| Untracked 
|  60|0x0000000083c00000, 0x0000000083d00000, 0x0000000083d00000|100%| O|  |TAMS 0x0000000083d00000, 0x0000000083c00000| Untracked 
|  61|0x0000000083d00000, 0x0000000083e00000, 0x0000000083e00000|100%| O|  |TAMS 0x0000000083e00000, 0x0000000083d00000| Untracked 
|  62|0x0000000083e00000, 0x0000000083f00000, 0x0000000083f00000|100%| O|  |TAMS 0x0000000083f00000, 0x0000000083e00000| Untracked 
|  63|0x0000000083f00000, 0x0000000084000000, 0x0000000084000000|100%| O|  |TAMS 0x0000000084000000, 0x0000000083f00000| Untracked 
|  64|0x0000000084000000, 0x0000000084100000, 0x0000000084100000|100%| O|  |TAMS 0x0000000084100000, 0x0000000084000000| Untracked 
|  65|0x0000000084100000, 0x0000000084200000, 0x0000000084200000|100%| O|  |TAMS 0x0000000084200000, 0x0000000084100000| Untracked 
|  66|0x0000000084200000, 0x0000000084300000, 0x0000000084300000|100%| O|  |TAMS 0x0000000084300000, 0x0000000084200000| Untracked 
|  67|0x0000000084300000, 0x0000000084400000, 0x0000000084400000|100%| O|  |TAMS 0x0000000084400000, 0x0000000084300000| Untracked 
|  68|0x0000000084400000, 0x0000000084500000, 0x0000000084500000|100%| O|  |TAMS 0x0000000084500000, 0x0000000084400000| Untracked 
|  69|0x0000000084500000, 0x0000000084600000, 0x0000000084600000|100%| O|  |TAMS 0x0000000084600000, 0x0000000084500000| Untracked 
|  70|0x0000000084600000, 0x0000000084700000, 0x0000000084700000|100%|HS|  |TAMS 0x0000000084700000, 0x0000000084600000| Complete 
|  71|0x0000000084700000, 0x0000000084800000, 0x0000000084800000|100%| O|  |TAMS 0x0000000084800000, 0x0000000084700000| Untracked 
|  72|0x0000000084800000, 0x0000000084900000, 0x0000000084900000|100%| O|  |TAMS 0x0000000084900000, 0x0000000084800000| Untracked 
|  73|0x0000000084900000, 0x0000000084a00000, 0x0000000084a00000|100%|HS|  |TAMS 0x0000000084a00000, 0x0000000084900000| Complete 
|  74|0x0000000084a00000, 0x0000000084b00000, 0x0000000084b00000|100%|HC|  |TAMS 0x0000000084b00000, 0x0000000084a00000| Complete 
|  75|0x0000000084b00000, 0x0000000084c00000, 0x0000000084c00000|100%|HS|  |TAMS 0x0000000084c00000, 0x0000000084b00000| Complete 
|  76|0x0000000084c00000, 0x0000000084d00000, 0x0000000084d00000|100%|HS|  |TAMS 0x0000000084d00000, 0x0000000084c00000| Complete 
|  77|0x0000000084d00000, 0x0000000084e00000, 0x0000000084e00000|100%| O|  |TAMS 0x0000000084e00000, 0x0000000084d00000| Untracked 
|  78|0x0000000084e00000, 0x0000000084f00000, 0x0000000084f00000|100%| O|  |TAMS 0x0000000084f00000, 0x0000000084e00000| Untracked 
|  79|0x0000000084f00000, 0x0000000085000000, 0x0000000085000000|100%| O|  |TAMS 0x0000000085000000, 0x0000000084f00000| Untracked 
|  80|0x0000000085000000, 0x0000000085100000, 0x0000000085100000|100%| O|  |TAMS 0x0000000085100000, 0x0000000085000000| Untracked 
|  81|0x0000000085100000, 0x0000000085200000, 0x0000000085200000|100%| O|  |TAMS 0x0000000085200000, 0x0000000085100000| Untracked 
|  82|0x0000000085200000, 0x0000000085300000, 0x0000000085300000|100%| O|  |TAMS 0x0000000085300000, 0x0000000085200000| Untracked 
|  83|0x0000000085300000, 0x0000000085400000, 0x0000000085400000|100%|HS|  |TAMS 0x0000000085300000, 0x0000000085300000| Complete 
|  84|0x0000000085400000, 0x0000000085500000, 0x0000000085500000|100%| O|  |TAMS 0x0000000085500000, 0x0000000085400000| Untracked 
|  85|0x0000000085500000, 0x0000000085600000, 0x0000000085600000|100%| O|  |TAMS 0x0000000085600000, 0x0000000085500000| Untracked 
|  86|0x0000000085600000, 0x0000000085700000, 0x0000000085700000|100%| O|  |TAMS 0x0000000085700000, 0x0000000085600000| Untracked 
|  87|0x0000000085700000, 0x0000000085800000, 0x0000000085800000|100%| O|  |TAMS 0x0000000085800000, 0x0000000085700000| Untracked 
|  88|0x0000000085800000, 0x0000000085900000, 0x0000000085900000|100%| O|  |TAMS 0x0000000085900000, 0x0000000085800000| Untracked 
|  89|0x0000000085900000, 0x0000000085a00000, 0x0000000085a00000|100%| O|  |TAMS 0x0000000085a00000, 0x0000000085900000| Untracked 
|  90|0x0000000085a00000, 0x0000000085b00000, 0x0000000085b00000|100%| O|  |TAMS 0x0000000085b00000, 0x0000000085a00000| Untracked 
|  91|0x0000000085b00000, 0x0000000085c00000, 0x0000000085c00000|100%| O|  |TAMS 0x0000000085c00000, 0x0000000085b00000| Untracked 
|  92|0x0000000085c00000, 0x0000000085d00000, 0x0000000085d00000|100%| O|  |TAMS 0x0000000085d00000, 0x0000000085c00000| Untracked 
|  93|0x0000000085d00000, 0x0000000085e00000, 0x0000000085e00000|100%| O|  |TAMS 0x0000000085e00000, 0x0000000085d00000| Untracked 
|  94|0x0000000085e00000, 0x0000000085f00000, 0x0000000085f00000|100%| O|  |TAMS 0x0000000085e00000, 0x0000000085e00000| Untracked 
|  95|0x0000000085f00000, 0x0000000086000000, 0x0000000086000000|100%| O|  |TAMS 0x0000000085f00000, 0x0000000085f00000| Untracked 
|  96|0x0000000086000000, 0x0000000086100000, 0x0000000086100000|100%|HS|  |TAMS 0x0000000086000000, 0x0000000086000000| Complete 
|  97|0x0000000086100000, 0x0000000086200000, 0x0000000086200000|100%| O|  |TAMS 0x0000000086100000, 0x0000000086100000| Untracked 
|  98|0x0000000086200000, 0x0000000086300000, 0x0000000086300000|100%| O|  |TAMS 0x0000000086300000, 0x0000000086200000| Untracked 
|  99|0x0000000086300000, 0x0000000086400000, 0x0000000086400000|100%| O|  |TAMS 0x0000000086300000, 0x0000000086300000| Untracked 
| 100|0x0000000086400000, 0x0000000086500000, 0x0000000086500000|100%| O|  |TAMS 0x0000000086500000, 0x0000000086400000| Untracked 
| 101|0x0000000086500000, 0x0000000086600000, 0x0000000086600000|100%| O|  |TAMS 0x0000000086500000, 0x0000000086500000| Untracked 
| 102|0x0000000086600000, 0x0000000086700000, 0x0000000086700000|100%| O|  |TAMS 0x0000000086700000, 0x0000000086600000| Untracked 
| 103|0x0000000086700000, 0x0000000086800000, 0x0000000086800000|100%| O|  |TAMS 0x0000000086800000, 0x0000000086700000| Untracked 
| 104|0x0000000086800000, 0x0000000086900000, 0x0000000086900000|100%| O|  |TAMS 0x0000000086900000, 0x0000000086800000| Untracked 
| 105|0x0000000086900000, 0x0000000086a00000, 0x0000000086a00000|100%| O|  |TAMS 0x0000000086a00000, 0x0000000086900000| Untracked 
| 106|0x0000000086a00000, 0x0000000086b00000, 0x0000000086b00000|100%| O|  |TAMS 0x0000000086b00000, 0x0000000086a00000| Untracked 
| 107|0x0000000086b00000, 0x0000000086c00000, 0x0000000086c00000|100%| O|  |TAMS 0x0000000086c00000, 0x0000000086b00000| Untracked 
| 108|0x0000000086c00000, 0x0000000086d00000, 0x0000000086d00000|100%| O|  |TAMS 0x0000000086d00000, 0x0000000086c00000| Untracked 
| 109|0x0000000086d00000, 0x0000000086e00000, 0x0000000086e00000|100%| O|  |TAMS 0x0000000086e00000, 0x0000000086d00000| Untracked 
| 110|0x0000000086e00000, 0x0000000086f00000, 0x0000000086f00000|100%| O|  |TAMS 0x0000000086f00000, 0x0000000086e00000| Untracked 
| 111|0x0000000086f00000, 0x0000000087000000, 0x0000000087000000|100%| O|  |TAMS 0x0000000087000000, 0x0000000086f00000| Untracked 
| 112|0x0000000087000000, 0x0000000087100000, 0x0000000087100000|100%| O|  |TAMS 0x0000000087100000, 0x0000000087000000| Untracked 
| 113|0x0000000087100000, 0x0000000087200000, 0x0000000087200000|100%| O|  |TAMS 0x0000000087200000, 0x0000000087100000| Untracked 
| 114|0x0000000087200000, 0x0000000087300000, 0x0000000087300000|100%| O|  |TAMS 0x0000000087300000, 0x0000000087200000| Untracked 
| 115|0x0000000087300000, 0x0000000087400000, 0x0000000087400000|100%| O|  |TAMS 0x0000000087400000, 0x0000000087300000| Untracked 
| 116|0x0000000087400000, 0x0000000087500000, 0x0000000087500000|100%| O|  |TAMS 0x0000000087500000, 0x0000000087400000| Untracked 
| 117|0x0000000087500000, 0x0000000087600000, 0x0000000087600000|100%| O|  |TAMS 0x0000000087600000, 0x0000000087500000| Untracked 
| 118|0x0000000087600000, 0x0000000087700000, 0x0000000087700000|100%| O|  |TAMS 0x0000000087700000, 0x0000000087600000| Untracked 
| 119|0x0000000087700000, 0x0000000087800000, 0x0000000087800000|100%| O|  |TAMS 0x0000000087800000, 0x0000000087700000| Untracked 
| 120|0x0000000087800000, 0x0000000087900000, 0x0000000087900000|100%| O|  |TAMS 0x0000000087900000, 0x0000000087800000| Untracked 
| 121|0x0000000087900000, 0x0000000087a00000, 0x0000000087a00000|100%| O|  |TAMS 0x0000000087a00000, 0x0000000087900000| Untracked 
| 122|0x0000000087a00000, 0x0000000087b00000, 0x0000000087b00000|100%| O|  |TAMS 0x0000000087b00000, 0x0000000087a00000| Untracked 
| 123|0x0000000087b00000, 0x0000000087c00000, 0x0000000087c00000|100%| O|  |TAMS 0x0000000087c00000, 0x0000000087b00000| Untracked 
| 124|0x0000000087c00000, 0x0000000087d00000, 0x0000000087d00000|100%| O|  |TAMS 0x0000000087d00000, 0x0000000087c00000| Untracked 
| 125|0x0000000087d00000, 0x0000000087e00000, 0x0000000087e00000|100%| O|  |TAMS 0x0000000087e00000, 0x0000000087d00000| Untracked 
| 126|0x0000000087e00000, 0x0000000087f00000, 0x0000000087f00000|100%| O|  |TAMS 0x0000000087f00000, 0x0000000087e00000| Untracked 
| 127|0x0000000087f00000, 0x0000000088000000, 0x0000000088000000|100%| O|  |TAMS 0x0000000088000000, 0x0000000087f00000| Untracked 
| 128|0x0000000088000000, 0x0000000088100000, 0x0000000088100000|100%| O|  |TAMS 0x0000000088100000, 0x0000000088000000| Untracked 
| 129|0x0000000088100000, 0x0000000088200000, 0x0000000088200000|100%| O|  |TAMS 0x0000000088200000, 0x0000000088100000| Untracked 
| 130|0x0000000088200000, 0x0000000088300000, 0x0000000088300000|100%|HS|  |TAMS 0x0000000088200000, 0x0000000088200000| Complete 
| 131|0x0000000088300000, 0x0000000088400000, 0x0000000088400000|100%| O|  |TAMS 0x0000000088400000, 0x0000000088300000| Untracked 
| 132|0x0000000088400000, 0x0000000088500000, 0x0000000088500000|100%| O|  |TAMS 0x0000000088500000, 0x0000000088400000| Untracked 
| 133|0x0000000088500000, 0x0000000088600000, 0x0000000088600000|100%| O|  |TAMS 0x0000000088600000, 0x0000000088500000| Untracked 
| 134|0x0000000088600000, 0x0000000088700000, 0x0000000088700000|100%| O|  |TAMS 0x0000000088700000, 0x0000000088600000| Untracked 
| 135|0x0000000088700000, 0x0000000088800000, 0x0000000088800000|100%| O|  |TAMS 0x0000000088800000, 0x0000000088700000| Untracked 
| 136|0x0000000088800000, 0x0000000088900000, 0x0000000088900000|100%| O|  |TAMS 0x0000000088900000, 0x0000000088800000| Untracked 
| 137|0x0000000088900000, 0x0000000088a00000, 0x0000000088a00000|100%| O|  |TAMS 0x0000000088a00000, 0x0000000088900000| Untracked 
| 138|0x0000000088a00000, 0x0000000088b00000, 0x0000000088b00000|100%| O|  |TAMS 0x0000000088b00000, 0x0000000088a00000| Untracked 
| 139|0x0000000088b00000, 0x0000000088c00000, 0x0000000088c00000|100%| O|  |TAMS 0x0000000088c00000, 0x0000000088b00000| Untracked 
| 140|0x0000000088c00000, 0x0000000088d00000, 0x0000000088d00000|100%| O|  |TAMS 0x0000000088d00000, 0x0000000088c00000| Untracked 
| 141|0x0000000088d00000, 0x0000000088e00000, 0x0000000088e00000|100%| O|  |TAMS 0x0000000088e00000, 0x0000000088d00000| Untracked 
| 142|0x0000000088e00000, 0x0000000088f00000, 0x0000000088f00000|100%| O|  |TAMS 0x0000000088f00000, 0x0000000088e00000| Untracked 
| 143|0x0000000088f00000, 0x0000000089000000, 0x0000000089000000|100%| O|  |TAMS 0x0000000089000000, 0x0000000088f00000| Untracked 
| 144|0x0000000089000000, 0x0000000089100000, 0x0000000089100000|100%| O|  |TAMS 0x0000000089100000, 0x0000000089000000| Untracked 
| 145|0x0000000089100000, 0x0000000089200000, 0x0000000089200000|100%| O|  |TAMS 0x0000000089200000, 0x0000000089100000| Untracked 
| 146|0x0000000089200000, 0x0000000089300000, 0x0000000089300000|100%| O|  |TAMS 0x0000000089300000, 0x0000000089200000| Untracked 
| 147|0x0000000089300000, 0x0000000089400000, 0x0000000089400000|100%| O|  |TAMS 0x0000000089300000, 0x0000000089300000| Untracked 
| 148|0x0000000089400000, 0x0000000089500000, 0x0000000089500000|100%| O|  |TAMS 0x0000000089400000, 0x0000000089400000| Untracked 
| 149|0x0000000089500000, 0x0000000089600000, 0x0000000089600000|100%| O|  |TAMS 0x0000000089500000, 0x0000000089500000| Untracked 
| 150|0x0000000089600000, 0x0000000089700000, 0x0000000089700000|100%|HS|  |TAMS 0x0000000089600000, 0x0000000089600000| Complete 
| 151|0x0000000089700000, 0x0000000089800000, 0x0000000089800000|100%|HC|  |TAMS 0x0000000089700000, 0x0000000089700000| Complete 
| 152|0x0000000089800000, 0x0000000089900000, 0x0000000089900000|100%|HS|  |TAMS 0x0000000089800000, 0x0000000089800000| Complete 
| 153|0x0000000089900000, 0x0000000089a00000, 0x0000000089a00000|100%|HS|  |TAMS 0x0000000089900000, 0x0000000089900000| Complete 
| 154|0x0000000089a00000, 0x0000000089b00000, 0x0000000089b00000|100%|HS|  |TAMS 0x0000000089a00000, 0x0000000089a00000| Complete 
| 155|0x0000000089b00000, 0x0000000089c00000, 0x0000000089c00000|100%|HS|  |TAMS 0x0000000089b00000, 0x0000000089b00000| Complete 
| 156|0x0000000089c00000, 0x0000000089d00000, 0x0000000089d00000|100%| O|  |TAMS 0x0000000089c00000, 0x0000000089c00000| Untracked 
| 157|0x0000000089d00000, 0x0000000089e00000, 0x0000000089e00000|100%| O|  |TAMS 0x0000000089d00000, 0x0000000089d00000| Untracked 
| 158|0x0000000089e00000, 0x0000000089e5fe00, 0x0000000089f00000| 37%| O|  |TAMS 0x0000000089e00000, 0x0000000089e00000| Untracked 
| 159|0x0000000089f00000, 0x0000000089f00000, 0x000000008a000000|  0%| F|  |TAMS 0x0000000089f00000, 0x0000000089f00000| Untracked 
| 160|0x000000008a000000, 0x000000008a000000, 0x000000008a100000|  0%| F|  |TAMS 0x000000008a000000, 0x000000008a000000| Untracked 
| 161|0x000000008a100000, 0x000000008a100000, 0x000000008a200000|  0%| F|  |TAMS 0x000000008a100000, 0x000000008a100000| Untracked 
| 162|0x000000008a200000, 0x000000008a200000, 0x000000008a300000|  0%| F|  |TAMS 0x000000008a200000, 0x000000008a200000| Untracked 
| 163|0x000000008a300000, 0x000000008a300000, 0x000000008a400000|  0%| F|  |TAMS 0x000000008a300000, 0x000000008a300000| Untracked 
| 164|0x000000008a400000, 0x000000008a400000, 0x000000008a500000|  0%| F|  |TAMS 0x000000008a400000, 0x000000008a400000| Untracked 
| 165|0x000000008a500000, 0x000000008a500000, 0x000000008a600000|  0%| F|  |TAMS 0x000000008a500000, 0x000000008a500000| Untracked 
| 166|0x000000008a600000, 0x000000008a600000, 0x000000008a700000|  0%| F|  |TAMS 0x000000008a600000, 0x000000008a600000| Untracked 
| 167|0x000000008a700000, 0x000000008a700000, 0x000000008a800000|  0%| F|  |TAMS 0x000000008a700000, 0x000000008a700000| Untracked 
| 168|0x000000008a800000, 0x000000008a800000, 0x000000008a900000|  0%| F|  |TAMS 0x000000008a800000, 0x000000008a800000| Untracked 
| 169|0x000000008a900000, 0x000000008a900000, 0x000000008aa00000|  0%| F|  |TAMS 0x000000008a900000, 0x000000008a900000| Untracked 
| 170|0x000000008aa00000, 0x000000008aa00000, 0x000000008ab00000|  0%| F|  |TAMS 0x000000008aa00000, 0x000000008aa00000| Untracked 
| 171|0x000000008ab00000, 0x000000008ab00000, 0x000000008ac00000|  0%| F|  |TAMS 0x000000008ab00000, 0x000000008ab00000| Untracked 
| 172|0x000000008ac00000, 0x000000008ac00000, 0x000000008ad00000|  0%| F|  |TAMS 0x000000008ac00000, 0x000000008ac00000| Untracked 
| 173|0x000000008ad00000, 0x000000008ad00000, 0x000000008ae00000|  0%| F|  |TAMS 0x000000008ad00000, 0x000000008ad00000| Untracked 
| 174|0x000000008ae00000, 0x000000008ae00000, 0x000000008af00000|  0%| F|  |TAMS 0x000000008ae00000, 0x000000008ae00000| Untracked 
| 175|0x000000008af00000, 0x000000008af00000, 0x000000008b000000|  0%| F|  |TAMS 0x000000008af00000, 0x000000008af00000| Untracked 
| 176|0x000000008b000000, 0x000000008b000000, 0x000000008b100000|  0%| F|  |TAMS 0x000000008b000000, 0x000000008b000000| Untracked 
| 177|0x000000008b100000, 0x000000008b100000, 0x000000008b200000|  0%| F|  |TAMS 0x000000008b100000, 0x000000008b100000| Untracked 
| 178|0x000000008b200000, 0x000000008b200000, 0x000000008b300000|  0%| F|  |TAMS 0x000000008b200000, 0x000000008b200000| Untracked 
| 179|0x000000008b300000, 0x000000008b300000, 0x000000008b400000|  0%| F|  |TAMS 0x000000008b300000, 0x000000008b300000| Untracked 
| 180|0x000000008b400000, 0x000000008b400000, 0x000000008b500000|  0%| F|  |TAMS 0x000000008b400000, 0x000000008b400000| Untracked 
| 181|0x000000008b500000, 0x000000008b500000, 0x000000008b600000|  0%| F|  |TAMS 0x000000008b500000, 0x000000008b500000| Untracked 
| 182|0x000000008b600000, 0x000000008b600000, 0x000000008b700000|  0%| F|  |TAMS 0x000000008b600000, 0x000000008b600000| Untracked 
| 183|0x000000008b700000, 0x000000008b700000, 0x000000008b800000|  0%| F|  |TAMS 0x000000008b700000, 0x000000008b700000| Untracked 
| 184|0x000000008b800000, 0x000000008b800000, 0x000000008b900000|  0%| F|  |TAMS 0x000000008b800000, 0x000000008b800000| Untracked 
| 185|0x000000008b900000, 0x000000008b900000, 0x000000008ba00000|  0%| F|  |TAMS 0x000000008b900000, 0x000000008b900000| Untracked 
| 186|0x000000008ba00000, 0x000000008ba00000, 0x000000008bb00000|  0%| F|  |TAMS 0x000000008ba00000, 0x000000008ba00000| Untracked 
| 187|0x000000008bb00000, 0x000000008bb00000, 0x000000008bc00000|  0%| F|  |TAMS 0x000000008bb00000, 0x000000008bb00000| Untracked 
| 188|0x000000008bc00000, 0x000000008bc00000, 0x000000008bd00000|  0%| F|  |TAMS 0x000000008bc00000, 0x000000008bc00000| Untracked 
| 189|0x000000008bd00000, 0x000000008bd00000, 0x000000008be00000|  0%| F|  |TAMS 0x000000008bd00000, 0x000000008bd00000| Untracked 
| 190|0x000000008be00000, 0x000000008be00000, 0x000000008bf00000|  0%| F|  |TAMS 0x000000008be00000, 0x000000008be00000| Untracked 
| 191|0x000000008bf00000, 0x000000008bf00000, 0x000000008c000000|  0%| F|  |TAMS 0x000000008bf00000, 0x000000008bf00000| Untracked 
| 192|0x000000008c000000, 0x000000008c000000, 0x000000008c100000|  0%| F|  |TAMS 0x000000008c000000, 0x000000008c000000| Untracked 
| 193|0x000000008c100000, 0x000000008c100000, 0x000000008c200000|  0%| F|  |TAMS 0x000000008c100000, 0x000000008c100000| Untracked 
| 194|0x000000008c200000, 0x000000008c200000, 0x000000008c300000|  0%| F|  |TAMS 0x000000008c200000, 0x000000008c200000| Untracked 
| 195|0x000000008c300000, 0x000000008c300000, 0x000000008c400000|  0%| F|  |TAMS 0x000000008c300000, 0x000000008c300000| Untracked 
| 196|0x000000008c400000, 0x000000008c400000, 0x000000008c500000|  0%| F|  |TAMS 0x000000008c400000, 0x000000008c400000| Untracked 
| 197|0x000000008c500000, 0x000000008c500000, 0x000000008c600000|  0%| F|  |TAMS 0x000000008c500000, 0x000000008c500000| Untracked 
| 198|0x000000008c600000, 0x000000008c600000, 0x000000008c700000|  0%| F|  |TAMS 0x000000008c600000, 0x000000008c600000| Untracked 
| 199|0x000000008c700000, 0x000000008c700000, 0x000000008c800000|  0%| F|  |TAMS 0x000000008c700000, 0x000000008c700000| Untracked 
| 200|0x000000008c800000, 0x000000008c800000, 0x000000008c900000|  0%| F|  |TAMS 0x000000008c800000, 0x000000008c800000| Untracked 
| 201|0x000000008c900000, 0x000000008c900000, 0x000000008ca00000|  0%| F|  |TAMS 0x000000008c900000, 0x000000008c900000| Untracked 
| 202|0x000000008ca00000, 0x000000008ca00000, 0x000000008cb00000|  0%| F|  |TAMS 0x000000008ca00000, 0x000000008ca00000| Untracked 
| 203|0x000000008cb00000, 0x000000008cb00000, 0x000000008cc00000|  0%| F|  |TAMS 0x000000008cb00000, 0x000000008cb00000| Untracked 
| 204|0x000000008cc00000, 0x000000008cc00000, 0x000000008cd00000|  0%| F|  |TAMS 0x000000008cc00000, 0x000000008cc00000| Untracked 
| 205|0x000000008cd00000, 0x000000008cd00000, 0x000000008ce00000|  0%| F|  |TAMS 0x000000008cd00000, 0x000000008cd00000| Untracked 
| 206|0x000000008ce00000, 0x000000008ce00000, 0x000000008cf00000|  0%| F|  |TAMS 0x000000008ce00000, 0x000000008ce00000| Untracked 
| 207|0x000000008cf00000, 0x000000008cf00000, 0x000000008d000000|  0%| F|  |TAMS 0x000000008cf00000, 0x000000008cf00000| Untracked 
| 208|0x000000008d000000, 0x000000008d000000, 0x000000008d100000|  0%| F|  |TAMS 0x000000008d000000, 0x000000008d000000| Untracked 
| 209|0x000000008d100000, 0x000000008d100000, 0x000000008d200000|  0%| F|  |TAMS 0x000000008d100000, 0x000000008d100000| Untracked 
| 210|0x000000008d200000, 0x000000008d200000, 0x000000008d300000|  0%| F|  |TAMS 0x000000008d200000, 0x000000008d200000| Untracked 
| 211|0x000000008d300000, 0x000000008d300000, 0x000000008d400000|  0%| F|  |TAMS 0x000000008d300000, 0x000000008d300000| Untracked 
| 212|0x000000008d400000, 0x000000008d400000, 0x000000008d500000|  0%| F|  |TAMS 0x000000008d400000, 0x000000008d400000| Untracked 
| 213|0x000000008d500000, 0x000000008d500000, 0x000000008d600000|  0%| F|  |TAMS 0x000000008d500000, 0x000000008d500000| Untracked 
| 214|0x000000008d600000, 0x000000008d600000, 0x000000008d700000|  0%| F|  |TAMS 0x000000008d600000, 0x000000008d600000| Untracked 
| 215|0x000000008d700000, 0x000000008d700000, 0x000000008d800000|  0%| F|  |TAMS 0x000000008d700000, 0x000000008d700000| Untracked 
| 216|0x000000008d800000, 0x000000008d800000, 0x000000008d900000|  0%| F|  |TAMS 0x000000008d800000, 0x000000008d800000| Untracked 
| 217|0x000000008d900000, 0x000000008d900000, 0x000000008da00000|  0%| F|  |TAMS 0x000000008d900000, 0x000000008d900000| Untracked 
| 218|0x000000008da00000, 0x000000008da00000, 0x000000008db00000|  0%| F|  |TAMS 0x000000008da00000, 0x000000008da00000| Untracked 
| 219|0x000000008db00000, 0x000000008db00000, 0x000000008dc00000|  0%| F|  |TAMS 0x000000008db00000, 0x000000008db00000| Untracked 
| 220|0x000000008dc00000, 0x000000008dc00000, 0x000000008dd00000|  0%| F|  |TAMS 0x000000008dc00000, 0x000000008dc00000| Untracked 
| 221|0x000000008dd00000, 0x000000008dd00000, 0x000000008de00000|  0%| F|  |TAMS 0x000000008dd00000, 0x000000008dd00000| Untracked 
| 222|0x000000008de00000, 0x000000008de00000, 0x000000008df00000|  0%| F|  |TAMS 0x000000008de00000, 0x000000008de00000| Untracked 
| 223|0x000000008df00000, 0x000000008df00000, 0x000000008e000000|  0%| F|  |TAMS 0x000000008df00000, 0x000000008df00000| Untracked 
| 224|0x000000008e000000, 0x000000008e000000, 0x000000008e100000|  0%| F|  |TAMS 0x000000008e000000, 0x000000008e000000| Untracked 
| 225|0x000000008e100000, 0x000000008e100000, 0x000000008e200000|  0%| F|  |TAMS 0x000000008e100000, 0x000000008e100000| Untracked 
| 226|0x000000008e200000, 0x000000008e200000, 0x000000008e300000|  0%| F|  |TAMS 0x000000008e200000, 0x000000008e200000| Untracked 
| 227|0x000000008e300000, 0x000000008e300000, 0x000000008e400000|  0%| F|  |TAMS 0x000000008e300000, 0x000000008e300000| Untracked 
| 228|0x000000008e400000, 0x000000008e400000, 0x000000008e500000|  0%| F|  |TAMS 0x000000008e400000, 0x000000008e400000| Untracked 
| 229|0x000000008e500000, 0x000000008e500000, 0x000000008e600000|  0%| F|  |TAMS 0x000000008e500000, 0x000000008e500000| Untracked 
| 230|0x000000008e600000, 0x000000008e600000, 0x000000008e700000|  0%| F|  |TAMS 0x000000008e600000, 0x000000008e600000| Untracked 
| 231|0x000000008e700000, 0x000000008e700000, 0x000000008e800000|  0%| F|  |TAMS 0x000000008e700000, 0x000000008e700000| Untracked 
| 232|0x000000008e800000, 0x000000008e800000, 0x000000008e900000|  0%| F|  |TAMS 0x000000008e800000, 0x000000008e800000| Untracked 
| 233|0x000000008e900000, 0x000000008e900000, 0x000000008ea00000|  0%| F|  |TAMS 0x000000008e900000, 0x000000008e900000| Untracked 
| 234|0x000000008ea00000, 0x000000008ea00000, 0x000000008eb00000|  0%| F|  |TAMS 0x000000008ea00000, 0x000000008ea00000| Untracked 
| 235|0x000000008eb00000, 0x000000008eb00000, 0x000000008ec00000|  0%| F|  |TAMS 0x000000008eb00000, 0x000000008eb00000| Untracked 
| 236|0x000000008ec00000, 0x000000008ec00000, 0x000000008ed00000|  0%| F|  |TAMS 0x000000008ec00000, 0x000000008ec00000| Untracked 
| 237|0x000000008ed00000, 0x000000008ed00000, 0x000000008ee00000|  0%| F|  |TAMS 0x000000008ed00000, 0x000000008ed00000| Untracked 
| 238|0x000000008ee00000, 0x000000008ee00000, 0x000000008ef00000|  0%| F|  |TAMS 0x000000008ee00000, 0x000000008ee00000| Untracked 
| 239|0x000000008ef00000, 0x000000008ef00000, 0x000000008f000000|  0%| F|  |TAMS 0x000000008ef00000, 0x000000008ef00000| Untracked 
| 240|0x000000008f000000, 0x000000008f100000, 0x000000008f100000|100%| S|CS|TAMS 0x000000008f000000, 0x000000008f000000| Complete 
| 241|0x000000008f100000, 0x000000008f200000, 0x000000008f200000|100%| S|CS|TAMS 0x000000008f100000, 0x000000008f100000| Complete 
| 242|0x000000008f200000, 0x000000008f300000, 0x000000008f300000|100%| S|CS|TAMS 0x000000008f200000, 0x000000008f200000| Complete 
| 243|0x000000008f300000, 0x000000008f400000, 0x000000008f400000|100%| S|CS|TAMS 0x000000008f300000, 0x000000008f300000| Complete 
| 244|0x000000008f400000, 0x000000008f500000, 0x000000008f500000|100%| S|CS|TAMS 0x000000008f400000, 0x000000008f400000| Complete 
| 245|0x000000008f500000, 0x000000008f600000, 0x000000008f600000|100%| S|CS|TAMS 0x000000008f500000, 0x000000008f500000| Complete 
| 246|0x000000008f600000, 0x000000008f700000, 0x000000008f700000|100%| S|CS|TAMS 0x000000008f600000, 0x000000008f600000| Complete 
| 247|0x000000008f700000, 0x000000008f700000, 0x000000008f800000|  0%| F|  |TAMS 0x000000008f700000, 0x000000008f700000| Untracked 
| 248|0x000000008f800000, 0x000000008f800000, 0x000000008f900000|  0%| F|  |TAMS 0x000000008f800000, 0x000000008f800000| Untracked 
| 249|0x000000008f900000, 0x000000008f900000, 0x000000008fa00000|  0%| F|  |TAMS 0x000000008f900000, 0x000000008f900000| Untracked 
| 250|0x000000008fa00000, 0x000000008fa00000, 0x000000008fb00000|  0%| F|  |TAMS 0x000000008fa00000, 0x000000008fa00000| Untracked 
| 251|0x000000008fb00000, 0x000000008fb00000, 0x000000008fc00000|  0%| F|  |TAMS 0x000000008fb00000, 0x000000008fb00000| Untracked 
| 252|0x000000008fc00000, 0x000000008fc00000, 0x000000008fd00000|  0%| F|  |TAMS 0x000000008fc00000, 0x000000008fc00000| Untracked 
| 253|0x000000008fd00000, 0x000000008fd00000, 0x000000008fe00000|  0%| F|  |TAMS 0x000000008fd00000, 0x000000008fd00000| Untracked 
| 254|0x000000008fe00000, 0x000000008fe00000, 0x000000008ff00000|  0%| F|  |TAMS 0x000000008fe00000, 0x000000008fe00000| Untracked 
| 255|0x000000008ff00000, 0x000000008ff00000, 0x0000000090000000|  0%| F|  |TAMS 0x000000008ff00000, 0x000000008ff00000| Untracked 
| 256|0x0000000090000000, 0x0000000090000000, 0x0000000090100000|  0%| F|  |TAMS 0x0000000090000000, 0x0000000090000000| Untracked 
| 257|0x0000000090100000, 0x0000000090100000, 0x0000000090200000|  0%| F|  |TAMS 0x0000000090100000, 0x0000000090100000| Untracked 
| 258|0x0000000090200000, 0x0000000090200000, 0x0000000090300000|  0%| F|  |TAMS 0x0000000090200000, 0x0000000090200000| Untracked 
| 259|0x0000000090300000, 0x0000000090300000, 0x0000000090400000|  0%| F|  |TAMS 0x0000000090300000, 0x0000000090300000| Untracked 
| 260|0x0000000090400000, 0x0000000090400000, 0x0000000090500000|  0%| F|  |TAMS 0x0000000090400000, 0x0000000090400000| Untracked 
| 261|0x0000000090500000, 0x0000000090500000, 0x0000000090600000|  0%| F|  |TAMS 0x0000000090500000, 0x0000000090500000| Untracked 
| 262|0x0000000090600000, 0x0000000090600000, 0x0000000090700000|  0%| F|  |TAMS 0x0000000090600000, 0x0000000090600000| Untracked 
| 263|0x0000000090700000, 0x0000000090700000, 0x0000000090800000|  0%| F|  |TAMS 0x0000000090700000, 0x0000000090700000| Untracked 
| 264|0x0000000090800000, 0x0000000090800000, 0x0000000090900000|  0%| F|  |TAMS 0x0000000090800000, 0x0000000090800000| Untracked 
| 265|0x0000000090900000, 0x0000000090900000, 0x0000000090a00000|  0%| F|  |TAMS 0x0000000090900000, 0x0000000090900000| Untracked 
| 266|0x0000000090a00000, 0x0000000090a00000, 0x0000000090b00000|  0%| F|  |TAMS 0x0000000090a00000, 0x0000000090a00000| Untracked 
| 267|0x0000000090b00000, 0x0000000090b00000, 0x0000000090c00000|  0%| F|  |TAMS 0x0000000090b00000, 0x0000000090b00000| Untracked 
| 268|0x0000000090c00000, 0x0000000090c00000, 0x0000000090d00000|  0%| F|  |TAMS 0x0000000090c00000, 0x0000000090c00000| Untracked 
| 269|0x0000000090d00000, 0x0000000090d00000, 0x0000000090e00000|  0%| F|  |TAMS 0x0000000090d00000, 0x0000000090d00000| Untracked 
| 270|0x0000000090e00000, 0x0000000090e00000, 0x0000000090f00000|  0%| F|  |TAMS 0x0000000090e00000, 0x0000000090e00000| Untracked 
| 271|0x0000000090f00000, 0x0000000090f00000, 0x0000000091000000|  0%| F|  |TAMS 0x0000000090f00000, 0x0000000090f00000| Untracked 
| 272|0x0000000091000000, 0x0000000091000000, 0x0000000091100000|  0%| F|  |TAMS 0x0000000091000000, 0x0000000091000000| Untracked 
| 273|0x0000000091100000, 0x0000000091100000, 0x0000000091200000|  0%| F|  |TAMS 0x0000000091100000, 0x0000000091100000| Untracked 
| 274|0x0000000091200000, 0x0000000091200000, 0x0000000091300000|  0%| F|  |TAMS 0x0000000091200000, 0x0000000091200000| Untracked 
| 275|0x0000000091300000, 0x0000000091300000, 0x0000000091400000|  0%| F|  |TAMS 0x0000000091300000, 0x0000000091300000| Untracked 
| 276|0x0000000091400000, 0x0000000091400000, 0x0000000091500000|  0%| F|  |TAMS 0x0000000091400000, 0x0000000091400000| Untracked 
| 277|0x0000000091500000, 0x0000000091500000, 0x0000000091600000|  0%| F|  |TAMS 0x0000000091500000, 0x0000000091500000| Untracked 
| 278|0x0000000091600000, 0x0000000091600000, 0x0000000091700000|  0%| F|  |TAMS 0x0000000091600000, 0x0000000091600000| Untracked 
| 279|0x0000000091700000, 0x0000000091700000, 0x0000000091800000|  0%| F|  |TAMS 0x0000000091700000, 0x0000000091700000| Untracked 
| 280|0x0000000091800000, 0x0000000091800000, 0x0000000091900000|  0%| F|  |TAMS 0x0000000091800000, 0x0000000091800000| Untracked 
| 281|0x0000000091900000, 0x0000000091900000, 0x0000000091a00000|  0%| F|  |TAMS 0x0000000091900000, 0x0000000091900000| Untracked 
| 282|0x0000000091a00000, 0x0000000091a00000, 0x0000000091b00000|  0%| F|  |TAMS 0x0000000091a00000, 0x0000000091a00000| Untracked 
| 283|0x0000000091b00000, 0x0000000091b00000, 0x0000000091c00000|  0%| F|  |TAMS 0x0000000091b00000, 0x0000000091b00000| Untracked 
| 284|0x0000000091c00000, 0x0000000091c00000, 0x0000000091d00000|  0%| F|  |TAMS 0x0000000091c00000, 0x0000000091c00000| Untracked 
| 285|0x0000000091d00000, 0x0000000091d00000, 0x0000000091e00000|  0%| F|  |TAMS 0x0000000091d00000, 0x0000000091d00000| Untracked 
| 286|0x0000000091e00000, 0x0000000091e00000, 0x0000000091f00000|  0%| F|  |TAMS 0x0000000091e00000, 0x0000000091e00000| Untracked 
| 287|0x0000000091f00000, 0x0000000091f00000, 0x0000000092000000|  0%| F|  |TAMS 0x0000000091f00000, 0x0000000091f00000| Untracked 
| 288|0x0000000092000000, 0x0000000092000000, 0x0000000092100000|  0%| F|  |TAMS 0x0000000092000000, 0x0000000092000000| Untracked 
| 289|0x0000000092100000, 0x0000000092100000, 0x0000000092200000|  0%| F|  |TAMS 0x0000000092100000, 0x0000000092100000| Untracked 
| 290|0x0000000092200000, 0x0000000092200000, 0x0000000092300000|  0%| F|  |TAMS 0x0000000092200000, 0x0000000092200000| Untracked 
| 291|0x0000000092300000, 0x0000000092300000, 0x0000000092400000|  0%| F|  |TAMS 0x0000000092300000, 0x0000000092300000| Untracked 
| 292|0x0000000092400000, 0x0000000092400000, 0x0000000092500000|  0%| F|  |TAMS 0x0000000092400000, 0x0000000092400000| Untracked 
| 293|0x0000000092500000, 0x0000000092500000, 0x0000000092600000|  0%| F|  |TAMS 0x0000000092500000, 0x0000000092500000| Untracked 
| 294|0x0000000092600000, 0x0000000092600000, 0x0000000092700000|  0%| F|  |TAMS 0x0000000092600000, 0x0000000092600000| Untracked 
| 295|0x0000000092700000, 0x0000000092700000, 0x0000000092800000|  0%| F|  |TAMS 0x0000000092700000, 0x0000000092700000| Untracked 
| 296|0x0000000092800000, 0x0000000092800000, 0x0000000092900000|  0%| F|  |TAMS 0x0000000092800000, 0x0000000092800000| Untracked 
| 297|0x0000000092900000, 0x0000000092900000, 0x0000000092a00000|  0%| F|  |TAMS 0x0000000092900000, 0x0000000092900000| Untracked 
| 298|0x0000000092a00000, 0x0000000092a00000, 0x0000000092b00000|  0%| F|  |TAMS 0x0000000092a00000, 0x0000000092a00000| Untracked 
| 299|0x0000000092b00000, 0x0000000092b00000, 0x0000000092c00000|  0%| F|  |TAMS 0x0000000092b00000, 0x0000000092b00000| Untracked 
| 300|0x0000000092c00000, 0x0000000092c00000, 0x0000000092d00000|  0%| F|  |TAMS 0x0000000092c00000, 0x0000000092c00000| Untracked 

Card table byte_map: [0x000001e87cb30000,0x000001e87cf30000] _byte_map_base: 0x000001e87c730000

Marking Bits (Prev, Next): (CMBitMap*) 0x000001e867bee0d0, (CMBitMap*) 0x000001e867bee098
 Prev Bits: [0x000001e800000000, 0x000001e802000000)
 Next Bits: [0x000001e87d330000, 0x000001e87f330000)

Polling page: 0x000001e867c90000

Metaspace:

Usage:
  Non-class:     89.59 MB capacity,    87.96 MB ( 98%) used,     1.31 MB (  1%) free+waste,   327.88 KB ( <1%) overhead. 
      Class:     14.15 MB capacity,    13.15 MB ( 93%) used,   876.48 KB (  6%) free+waste,   146.25 KB (  1%) overhead. 
       Both:    103.74 MB capacity,   101.11 MB ( 97%) used,     2.17 MB (  2%) free+waste,   474.13 KB ( <1%) overhead. 

Virtual space:
  Non-class space:       90.00 MB reserved,      89.67 MB (>99%) committed 
      Class space:        1.00 GB reserved,      14.25 MB (  1%) committed 
             Both:        1.09 GB reserved,     103.92 MB (  9%) committed 

Chunk freelists:
   Non-Class:  20.00 KB
       Class:  6.00 KB
        Both:  26.00 KB

MaxMetaspaceSize: 17179869184.00 GB
CompressedClassSpaceSize: 1.00 GB
Initial GC threshold: 20.80 MB
Current GC threshold: 168.61 MB
CDS: off

CodeHeap 'non-profiled nmethods': size=120064Kb used=5541Kb max_used=5541Kb free=114522Kb
 bounds [0x000001e8749a0000, 0x000001e874f10000, 0x000001e87bee0000]
CodeHeap 'profiled nmethods': size=120000Kb used=25128Kb max_used=25128Kb free=94871Kb
 bounds [0x000001e86d470000, 0x000001e86ed00000, 0x000001e8749a0000]
CodeHeap 'non-nmethods': size=5696Kb used=2421Kb max_used=2470Kb free=3274Kb
 bounds [0x000001e86cee0000, 0x000001e86d160000, 0x000001e86d470000]
 total_blobs=13996 nmethods=13055 adapters=852
 compilation: enabled
              stopped_count=0, restarted_count=0
 full_count=0

Compilation events (20 events):
Event: 308.785 Thread 0x000001e87fbff000 13357       2       com.android.tools.r8.graph.S0::p0 (11 bytes)
Event: 308.785 Thread 0x000001e87fbff000 nmethod 13357 0x000001e86ecf6410 code [0x000001e86ecf65c0, 0x000001e86ecf66d8]
Event: 308.785 Thread 0x000001e87fbff000 13363       2       com.android.tools.r8.naming.C$b::a (88 bytes)
Event: 308.786 Thread 0x000001e87fbff000 nmethod 13363 0x000001e86ecf6810 code [0x000001e86ecf6ac0, 0x000001e86ecf74f8]
Event: 308.786 Thread 0x000001e87fbff000 13358       2       com.android.tools.r8.graph.s0::c0 (5 bytes)
Event: 308.786 Thread 0x000001e87fbff000 nmethod 13358 0x000001e86ecf7b90 code [0x000001e86ecf7d40, 0x000001e86ecf7e68]
Event: 308.786 Thread 0x000001e87fbff000 13359       2       com.android.tools.r8.naming.C$b::<init> (16 bytes)
Event: 308.786 Thread 0x000001e87fbff000 nmethod 13359 0x000001e86ecf7f10 code [0x000001e86ecf80c0, 0x000001e86ecf82d8]
Event: 308.786 Thread 0x000001e87fbff000 13362       2       com.android.tools.r8.naming.C$c::<init> (10 bytes)
Event: 308.786 Thread 0x000001e87fbff000 nmethod 13362 0x000001e86ecf8390 code [0x000001e86ecf8540, 0x000001e86ecf8678]
Event: 308.786 Thread 0x000001e87fbff000 13364       2       com.android.tools.r8.naming.C$b::toString (54 bytes)
Event: 308.787 Thread 0x000001e87fbff000 nmethod 13364 0x000001e86ecf8710 code [0x000001e86ecf8940, 0x000001e86ecf8d58]
Event: 308.787 Thread 0x000001e87fbff000 13360       2       com.android.tools.r8.internal.DK::<init> (15 bytes)
Event: 308.787 Thread 0x000001e87fbff000 nmethod 13360 0x000001e86ecf8f90 code [0x000001e86ecf9140, 0x000001e86ecf92d8]
Event: 308.787 Thread 0x000001e87fbff000 13361       2       com.android.tools.r8.naming.C$b::a (6 bytes)
Event: 308.787 Thread 0x000001e87fbff000 nmethod 13361 0x000001e86ecf9390 code [0x000001e86ecf9540, 0x000001e86ecf9628]
Event: 308.787 Thread 0x000001e87fbff000 13365       2       com.android.tools.r8.internal.jj$$Lambda$1556/0x0000000100e1bc40::get$Lambda (11 bytes)
Event: 308.787 Thread 0x000001e87fbff000 nmethod 13365 0x000001e86ecf9710 code [0x000001e86ecf98c0, 0x000001e86ecf9b18]
Event: 308.787 Thread 0x000001e87fbff000 13366       2       com.android.tools.r8.internal.jj$$Lambda$1556/0x0000000100e1bc40::<init> (20 bytes)
Event: 308.787 Thread 0x000001e87fbff000 nmethod 13366 0x000001e86ecf9c10 code [0x000001e86ecf9dc0, 0x000001e86ecf9fd8]

GC Heap History (20 events):
Event: 307.058 GC heap after
{Heap after GC invocations=40 (full 0):
 garbage-first heap   total 157696K, used 108449K [0x0000000080000000, 0x0000000100000000)
  region size 1024K, 4 young (4096K), 4 survivors (4096K)
 Metaspace       used 97143K, capacity 99473K, committed 99628K, reserved 1136640K
  class space    used 12482K, capacity 13327K, committed 13440K, reserved 1048576K
}
Event: 307.068 GC heap before
{Heap before GC invocations=40 (full 0):
 garbage-first heap   total 157696K, used 111521K [0x0000000080000000, 0x0000000100000000)
  region size 1024K, 7 young (7168K), 4 survivors (4096K)
 Metaspace       used 97143K, capacity 99473K, committed 99628K, reserved 1136640K
  class space    used 12482K, capacity 13327K, committed 13440K, reserved 1048576K
}
Event: 307.072 GC heap after
{Heap after GC invocations=41 (full 0):
 garbage-first heap   total 157696K, used 108809K [0x0000000080000000, 0x0000000100000000)
  region size 1024K, 1 young (1024K), 1 survivors (1024K)
 Metaspace       used 97143K, capacity 99473K, committed 99628K, reserved 1136640K
  class space    used 12482K, capacity 13327K, committed 13440K, reserved 1048576K
}
Event: 307.151 GC heap before
{Heap before GC invocations=41 (full 0):
 garbage-first heap   total 157696K, used 126217K [0x0000000080000000, 0x0000000100000000)
  region size 1024K, 19 young (19456K), 1 survivors (1024K)
 Metaspace       used 97223K, capacity 99567K, committed 99884K, reserved 1136640K
  class space    used 12497K, capacity 13340K, committed 13440K, reserved 1048576K
}
Event: 307.162 GC heap after
{Heap after GC invocations=42 (full 0):
 garbage-first heap   total 189440K, used 116176K [0x0000000080000000, 0x0000000100000000)
  region size 1024K, 3 young (3072K), 3 survivors (3072K)
 Metaspace       used 97223K, capacity 99567K, committed 99884K, reserved 1136640K
  class space    used 12497K, capacity 13340K, committed 13440K, reserved 1048576K
}
Event: 307.339 GC heap before
{Heap before GC invocations=43 (full 0):
 garbage-first heap   total 189440K, used 141776K [0x0000000080000000, 0x0000000100000000)
  region size 1024K, 29 young (29696K), 3 survivors (3072K)
 Metaspace       used 99453K, capacity 101837K, committed 102188K, reserved 1138688K
  class space    used 12949K, capacity 13825K, committed 13952K, reserved 1048576K
}
Event: 307.352 GC heap after
{Heap after GC invocations=44 (full 0):
 garbage-first heap   total 189440K, used 126806K [0x0000000080000000, 0x0000000100000000)
  region size 1024K, 4 young (4096K), 4 survivors (4096K)
 Metaspace       used 99453K, capacity 101837K, committed 102188K, reserved 1138688K
  class space    used 12949K, capacity 13825K, committed 13952K, reserved 1048576K
}
Event: 307.396 GC heap before
{Heap before GC invocations=44 (full 0):
 garbage-first heap   total 189440K, used 148310K [0x0000000080000000, 0x0000000100000000)
  region size 1024K, 25 young (25600K), 4 survivors (4096K)
 Metaspace       used 99563K, capacity 101980K, committed 102188K, reserved 1138688K
  class space    used 12949K, capacity 13825K, committed 13952K, reserved 1048576K
}
Event: 307.406 GC heap after
{Heap after GC invocations=45 (full 0):
 garbage-first heap   total 189440K, used 138218K [0x0000000080000000, 0x0000000100000000)
  region size 1024K, 4 young (4096K), 4 survivors (4096K)
 Metaspace       used 99563K, capacity 101980K, committed 102188K, reserved 1138688K
  class space    used 12949K, capacity 13825K, committed 13952K, reserved 1048576K
}
Event: 307.433 GC heap before
{Heap before GC invocations=45 (full 0):
 garbage-first heap   total 189440K, used 153578K [0x0000000080000000, 0x0000000100000000)
  region size 1024K, 19 young (19456K), 4 survivors (4096K)
 Metaspace       used 99579K, capacity 101981K, committed 102188K, reserved 1138688K
  class space    used 12949K, capacity 13825K, committed 13952K, reserved 1048576K
}
Event: 307.440 GC heap after
{Heap after GC invocations=46 (full 0):
 garbage-first heap   total 189440K, used 147083K [0x0000000080000000, 0x0000000100000000)
  region size 1024K, 3 young (3072K), 3 survivors (3072K)
 Metaspace       used 99579K, capacity 101981K, committed 102188K, reserved 1138688K
  class space    used 12949K, capacity 13825K, committed 13952K, reserved 1048576K
}
Event: 307.502 GC heap before
{Heap before GC invocations=46 (full 0):
 garbage-first heap   total 189440K, used 157323K [0x0000000080000000, 0x0000000100000000)
  region size 1024K, 13 young (13312K), 3 survivors (3072K)
 Metaspace       used 100157K, capacity 102562K, committed 102700K, reserved 1138688K
  class space    used 13037K, capacity 13933K, committed 13952K, reserved 1048576K
}
Event: 307.516 GC heap after
{Heap after GC invocations=47 (full 0):
 garbage-first heap   total 308224K, used 152576K [0x0000000080000000, 0x0000000100000000)
  region size 1024K, 2 young (2048K), 2 survivors (2048K)
 Metaspace       used 100157K, capacity 102562K, committed 102700K, reserved 1138688K
  class space    used 13037K, capacity 13933K, committed 13952K, reserved 1048576K
}
Event: 307.999 GC heap before
{Heap before GC invocations=48 (full 0):
 garbage-first heap   total 308224K, used 191488K [0x0000000080000000, 0x0000000100000000)
  region size 1024K, 45 young (46080K), 2 survivors (2048K)
 Metaspace       used 102647K, capacity 105282K, committed 105516K, reserved 1140736K
  class space    used 13376K, capacity 14337K, committed 14464K, reserved 1048576K
}
Event: 308.010 GC heap after
{Heap after GC invocations=49 (full 0):
 garbage-first heap   total 308224K, used 152576K [0x0000000080000000, 0x0000000100000000)
  region size 1024K, 6 young (6144K), 6 survivors (6144K)
 Metaspace       used 102647K, capacity 105282K, committed 105516K, reserved 1140736K
  class space    used 13376K, capacity 14337K, committed 14464K, reserved 1048576K
}
Event: 308.043 GC heap before
{Heap before GC invocations=49 (full 0):
 garbage-first heap   total 308224K, used 161792K [0x0000000080000000, 0x0000000100000000)
  region size 1024K, 15 young (15360K), 6 survivors (6144K)
 Metaspace       used 102832K, capacity 105472K, committed 105772K, reserved 1140736K
  class space    used 13399K, capacity 14378K, committed 14464K, reserved 1048576K
}
Event: 308.082 GC heap after
{Heap after GC invocations=50 (full 0):
 garbage-first heap   total 308224K, used 151019K [0x0000000080000000, 0x0000000100000000)
  region size 1024K, 2 young (2048K), 2 survivors (2048K)
 Metaspace       used 102832K, capacity 105472K, committed 105772K, reserved 1140736K
  class space    used 13399K, capacity 14378K, committed 14464K, reserved 1048576K
}
Event: 308.440 GC heap before
{Heap before GC invocations=50 (full 0):
 garbage-first heap   total 308224K, used 203243K [0x0000000080000000, 0x0000000100000000)
  region size 1024K, 49 young (50176K), 2 survivors (2048K)
 Metaspace       used 103242K, capacity 105921K, committed 106028K, reserved 1140736K
  class space    used 13434K, capacity 14433K, committed 14464K, reserved 1048576K
}
Event: 308.449 GC heap after
{Heap after GC invocations=51 (full 0):
 garbage-first heap   total 308224K, used 158533K [0x0000000080000000, 0x0000000100000000)
  region size 1024K, 4 young (4096K), 4 survivors (4096K)
 Metaspace       used 103242K, capacity 105921K, committed 106028K, reserved 1140736K
  class space    used 13434K, capacity 14433K, committed 14464K, reserved 1048576K
}
Event: 308.798 GC heap before
{Heap before GC invocations=51 (full 0):
 garbage-first heap   total 308224K, used 212805K [0x0000000080000000, 0x0000000100000000)
  region size 1024K, 54 young (55296K), 4 survivors (4096K)
 Metaspace       used 103534K, capacity 106226K, committed 106412K, reserved 1140736K
  class space    used 13467K, capacity 14490K, committed 14592K, reserved 1048576K
}

Deoptimization events (20 events):
Event: 308.246 Thread 0x000001e80ceab800 DEOPT PACKING pc=0x000001e86e677727 sp=0x0000007aac2fd730
Event: 308.246 Thread 0x000001e80ceab800 DEOPT UNPACKING pc=0x000001e86cf2a95e sp=0x0000007aac2fcca8 mode 0
Event: 308.297 Thread 0x000001e80ceb0000 DEOPT PACKING pc=0x000001e86ec8a8b8 sp=0x0000007aac1fda20
Event: 308.297 Thread 0x000001e80ceb0000 DEOPT UNPACKING pc=0x000001e86cf2a95e sp=0x0000007aac1fcf40 mode 0
Event: 308.297 Thread 0x000001e80ceb0000 DEOPT PACKING pc=0x000001e86ec8a8b8 sp=0x0000007aac1fda20
Event: 308.297 Thread 0x000001e80ceb0000 DEOPT UNPACKING pc=0x000001e86cf2a95e sp=0x0000007aac1fcf40 mode 0
Event: 308.297 Thread 0x000001e80ceb0000 DEOPT PACKING pc=0x000001e86ec8a8b8 sp=0x0000007aac1fda20
Event: 308.297 Thread 0x000001e80ceb0000 DEOPT UNPACKING pc=0x000001e86cf2a95e sp=0x0000007aac1fcf40 mode 0
Event: 308.298 Thread 0x000001e80ceb0000 DEOPT PACKING pc=0x000001e86ec8a8b8 sp=0x0000007aac1fd9c0
Event: 308.298 Thread 0x000001e80ceb0000 DEOPT UNPACKING pc=0x000001e86cf2a95e sp=0x0000007aac1fcee0 mode 0
Event: 308.298 Thread 0x000001e80ceb0000 DEOPT PACKING pc=0x000001e86ec8a8b8 sp=0x0000007aac1fd9c0
Event: 308.298 Thread 0x000001e80ceb0000 DEOPT UNPACKING pc=0x000001e86cf2a95e sp=0x0000007aac1fcee0 mode 0
Event: 308.347 Thread 0x000001e80ceb5000 DEOPT PACKING pc=0x000001e86ec81b77 sp=0x0000007aaccfe580
Event: 308.347 Thread 0x000001e80ceb5000 DEOPT UNPACKING pc=0x000001e86cf2a95e sp=0x0000007aaccfda68 mode 0
Event: 308.348 Thread 0x000001e80ceb5000 DEOPT PACKING pc=0x000001e86ec81b77 sp=0x0000007aaccfe580
Event: 308.348 Thread 0x000001e80ceb5000 DEOPT UNPACKING pc=0x000001e86cf2a95e sp=0x0000007aaccfda68 mode 0
Event: 308.351 Thread 0x000001e80ceb5000 DEOPT PACKING pc=0x000001e86ec83f00 sp=0x0000007aaccfe570
Event: 308.351 Thread 0x000001e80ceb5000 DEOPT UNPACKING pc=0x000001e86cf2a95e sp=0x0000007aaccfda60 mode 0
Event: 308.404 Thread 0x000001e80ceb5000 DEOPT PACKING pc=0x000001e86ecb50a7 sp=0x0000007aaccfe830
Event: 308.404 Thread 0x000001e80ceb5000 DEOPT UNPACKING pc=0x000001e86cf2a95e sp=0x0000007aaccfdd40 mode 0

Classes redefined (0 events):
No events

Internal exceptions (20 events):
Event: 306.983 Thread 0x000001e807533800 Exception <a 'java/lang/NoSuchMethodError'{0x0000000088a412b8}: <clinit>> (0x0000000088a412b8) thrown at [./src/hotspot/share/prims/jni.cpp, line 1365]
Event: 306.985 Thread 0x000001e807533800 Exception <a 'java/lang/NoSuchMethodError'{0x0000000088ae64a8}: <clinit>> (0x0000000088ae64a8) thrown at [./src/hotspot/share/prims/jni.cpp, line 1365]
Event: 306.986 Thread 0x000001e807533800 Exception <a 'java/lang/NoSuchMethodError'{0x0000000088af8c20}: <clinit>> (0x0000000088af8c20) thrown at [./src/hotspot/share/prims/jni.cpp, line 1365]
Event: 307.123 Thread 0x000001e80ceab800 Exception <a 'java/lang/NoSuchMethodError'{0x0000000088b78d08}: 'void java.lang.invoke.DirectMethodHandle$Holder.invokeStatic(java.lang.Object, long)'> (0x0000000088b78d08) thrown at [./src/hotspot/share/interpreter/linkResolver.cpp, line 773]
Event: 307.124 Thread 0x000001e80ceab800 Exception <a 'java/lang/NoSuchMethodError'{0x0000000088b7e168}: 'java.lang.Object java.lang.invoke.DirectMethodHandle$Holder.invokeStatic(java.lang.Object, long)'> (0x0000000088b7e168) thrown at [./src/hotspot/share/interpreter/linkResolver.cpp, line 773]
Event: 307.126 Thread 0x000001e80ceab800 Exception <a 'java/lang/NoSuchMethodError'{0x0000000088bc86c8}: 'java.lang.Object java.lang.invoke.DirectMethodHandle$Holder.invokeStaticInit(java.lang.Object, java.lang.Object, long, java.lang.Object)'> (0x0000000088bc86c8) thrown at [./src/hotspot/share/interpreter/linkResolver.cpp, line 773]
Event: 307.126 Thread 0x000001e80ceab800 Exception <a 'java/lang/NoSuchMethodError'{0x0000000088a00c00}: 'java.lang.Object java.lang.invoke.DirectMethodHandle$Holder.invokeStatic(java.lang.Object, java.lang.Object, long)'> (0x0000000088a00c00) thrown at [./src/hotspot/share/interpreter/linkResolver.cpp, line 773]
Event: 307.127 Thread 0x000001e80ceab800 Exception <a 'java/lang/NoSuchMethodError'{0x0000000088a073c8}: 'java.lang.Object java.lang.invoke.Invokers$Holder.linkToTargetMethod(java.lang.Object, long, java.lang.Object)'> (0x0000000088a073c8) thrown at [./src/hotspot/share/interpreter/linkResolver.cpp, line 773]
Event: 307.169 Thread 0x000001e80ceb5000 Exception <a 'java/lang/IncompatibleClassChangeError'{0x000000008b890ec0}: Found class java.lang.Object, but interface was expected> (0x000000008b890ec0) thrown at [./src/hotspot/share/interpreter/linkResolver.cpp, line 839]
Event: 307.194 Thread 0x000001e80ceb6800 Exception <a 'java/lang/IncompatibleClassChangeError'{0x000000008b64b0e0}: Found class java.lang.Object, but interface was expected> (0x000000008b64b0e0) thrown at [./src/hotspot/share/interpreter/linkResolver.cpp, line 839]
Event: 307.194 Thread 0x000001e80ceb6800 Exception <a 'java/lang/IncompatibleClassChangeError'{0x000000008b655f48}: Found class java.lang.Object, but interface was expected> (0x000000008b655f48) thrown at [./src/hotspot/share/interpreter/linkResolver.cpp, line 839]
Event: 307.195 Thread 0x000001e80ceb9000 Exception <a 'java/lang/NoSuchMethodError'{0x000000008b642260}: 'java.lang.Object java.lang.invoke.DirectMethodHandle$Holder.newInvokeSpecial(java.lang.Object, int)'> (0x000000008b642260) thrown at [./src/hotspot/share/interpreter/linkResolver.cpp, line 773]
Event: 307.540 Thread 0x000001e80ceb0000 Exception <a 'java/lang/IncompatibleClassChangeError'{0x0000000092cf07f8}: Found class java.lang.Object, but interface was expected> (0x0000000092cf07f8) thrown at [./src/hotspot/share/interpreter/linkResolver.cpp, line 839]
Event: 307.822 Thread 0x000001e80ceb0000 Exception <a 'java/lang/IncompatibleClassChangeError'{0x000000009152da10}: Found class java.lang.Object, but interface was expected> (0x000000009152da10) thrown at [./src/hotspot/share/interpreter/linkResolver.cpp, line 839]
Event: 307.828 Thread 0x000001e80ceb0000 Exception <a 'java/lang/NoSuchMethodError'{0x0000000091594248}: 'java.lang.Object java.lang.invoke.Invokers$Holder.linkToTargetMethod(java.lang.Object, int, java.lang.Object, java.lang.Object, java.lang.Object, java.lang.Object)'> (0x0000000091594248) thrown at [./src/hotspot/share/interpreter/linkResolver.cpp, line 773]
Event: 307.829 Thread 0x000001e80ceb0000 Exception <a 'java/lang/NoSuchMethodError'{0x00000000915a8198}: 'java.lang.Object java.lang.invoke.DirectMethodHandle$Holder.invokeStatic(java.lang.Object, java.lang.Object, java.lang.Object, java.lang.Object, int, java.lang.Object, java.lang.Object)'> (0x00000000915a8198) thrown at [./src/hotspot/share/interpreter/linkResolver.cpp, line 773]
Event: 307.830 Thread 0x000001e80ceb0000 Exception <a 'java/lang/NoSuchMethodError'{0x00000000915af740}: 'java.lang.Object java.lang.invoke.Invokers$Holder.linkToTargetMethod(java.lang.Object, java.lang.Object, java.lang.Object, int, java.lang.Object, java.lang.Object, java.lang.Object)'> (0x00000000915af740) thrown at [./src/hotspot/share/interpreter/linkResolver.cpp, line 773]
Event: 307.849 Thread 0x000001e80ceb0000 Exception <a 'java/lang/NoSuchMethodError'{0x00000000914a52f0}: 'void java.lang.invoke.DirectMethodHandle$Holder.invokeStatic(java.lang.Object, java.lang.Object, java.lang.Object, java.lang.Object, java.lang.Object, java.lang.Object, java.lang.Object, java.lang.Object)'> (0x00000000914a52f0) thrown at [./src/hotspot/share/interpreter/linkResolver.cpp, line 773]
Event: 308.240 Thread 0x000001e80ceab800 Exception <a 'java/lang/NoSuchMethodError'{0x000000009098d610}: 'int java.lang.invoke.DirectMethodHandle$Holder.invokeSpecialIFC(java.lang.Object, java.lang.Object, java.lang.Object)'> (0x000000009098d610) thrown at [./src/hotspot/share/interpreter/linkResolver.cpp, line 773]
Event: 308.314 Thread 0x000001e80ceb0000 Exception <a 'java/lang/IncompatibleClassChangeError'{0x00000000902ef380}: Found class java.lang.Object, but interface was expected> (0x00000000902ef380) thrown at [./src/hotspot/share/interpreter/linkResolver.cpp, line 839]

Events (20 events):
Event: 308.761 loading class com/android/tools/r8/graph/q0 done
Event: 308.761 loading class com/android/tools/r8/graph/A
Event: 308.761 loading class com/android/tools/r8/graph/A done
Event: 308.762 loading class com/android/tools/r8/graph/o0
Event: 308.762 loading class com/android/tools/r8/graph/o0 done
Event: 308.781 loading class com/android/tools/r8/internal/gj
Event: 308.781 loading class com/android/tools/r8/internal/gj done
Event: 308.782 loading class com/android/tools/r8/graph/Z2
Event: 308.782 loading class com/android/tools/r8/graph/Z2 done
Event: 308.782 loading class com/android/tools/r8/internal/jj
Event: 308.782 loading class com/android/tools/r8/internal/jj done
Event: 308.782 loading class com/android/tools/r8/internal/DK
Event: 308.782 loading class com/android/tools/r8/internal/DK done
Event: 308.782 loading class com/android/tools/r8/naming/C$b
Event: 308.782 loading class com/android/tools/r8/naming/C$b done
Event: 308.783 loading class com/android/tools/r8/naming/C$c
Event: 308.783 loading class com/android/tools/r8/naming/C$c done
Event: 308.783 loading class com/android/tools/r8/naming/C
Event: 308.783 loading class com/android/tools/r8/naming/C done
Event: 308.798 Executing VM operation: G1CollectForAllocation


Dynamic libraries:
0x00007ff6e6a80000 - 0x00007ff6e6a8a000 	C:\Program Files\Android\Android Studio\jre\bin\java.exe
0x00007fffc2170000 - 0x00007fffc2368000 	C:\Windows\SYSTEM32\ntdll.dll
0x00007fffc1f30000 - 0x00007fffc1fed000 	C:\Windows\System32\KERNEL32.DLL
0x00007fffbfb50000 - 0x00007fffbfe1e000 	C:\Windows\System32\KERNELBASE.dll
0x00007fffbff50000 - 0x00007fffc0050000 	C:\Windows\System32\ucrtbase.dll
0x00007fffa0400000 - 0x00007fffa0419000 	C:\Program Files\Android\Android Studio\jre\bin\jli.dll
0x00007fffc0c60000 - 0x00007fffc0e00000 	C:\Windows\System32\USER32.dll
0x00007fffbf890000 - 0x00007fffbf8b2000 	C:\Windows\System32\win32u.dll
0x00007fffc1ff0000 - 0x00007fffc201a000 	C:\Windows\System32\GDI32.dll
0x00007fffc00c0000 - 0x00007fffc01cb000 	C:\Windows\System32\gdi32full.dll
0x00007fffa03e0000 - 0x00007fffa03f7000 	C:\Program Files\Android\Android Studio\jre\bin\VCRUNTIME140.dll
0x00007fffbf8c0000 - 0x00007fffbf95d000 	C:\Windows\System32\msvcp_win.dll
0x00007fff9a5a0000 - 0x00007fff9a83a000 	C:\Windows\WinSxS\amd64_microsoft.windows.common-controls_6595b64144ccf1df_6.0.19041.1110_none_60b5254171f9507e\COMCTL32.dll
0x00007fffc0bc0000 - 0x00007fffc0c5e000 	C:\Windows\System32\msvcrt.dll
0x00007fffc1480000 - 0x00007fffc14b0000 	C:\Windows\System32\IMM32.DLL
0x00007fffa0340000 - 0x00007fffa03dd000 	C:\Program Files\Android\Android Studio\jre\bin\msvcp140.dll
0x00007fff7c000000 - 0x00007fff7cae5000 	C:\Program Files\Android\Android Studio\jre\bin\server\jvm.dll
0x00007fffc0e00000 - 0x00007fffc0eae000 	C:\Windows\System32\ADVAPI32.dll
0x00007fffc0ed0000 - 0x00007fffc0f6c000 	C:\Windows\System32\sechost.dll
0x00007fffc1e00000 - 0x00007fffc1f25000 	C:\Windows\System32\RPCRT4.dll
0x00007fffc1c80000 - 0x00007fffc1c88000 	C:\Windows\System32\PSAPI.DLL
0x00007fff9f0f0000 - 0x00007fff9f117000 	C:\Windows\SYSTEM32\WINMM.dll
0x00007fffb96d0000 - 0x00007fffb96da000 	C:\Windows\SYSTEM32\VERSION.dll
0x00007fffaa160000 - 0x00007fffaa169000 	C:\Windows\SYSTEM32\WSOCK32.dll
0x00007fffc1c00000 - 0x00007fffc1c6b000 	C:\Windows\System32\WS2_32.dll
0x00007fffbd770000 - 0x00007fffbd782000 	C:\Windows\SYSTEM32\kernel.appcore.dll
0x00007fffbaa80000 - 0x00007fffbaa91000 	C:\Program Files\Android\Android Studio\jre\bin\verify.dll
0x00007fffa7a50000 - 0x00007fffa7c34000 	C:\Windows\SYSTEM32\DBGHELP.DLL
0x00007fffa7900000 - 0x00007fffa792c000 	C:\Windows\SYSTEM32\dbgcore.DLL
0x00007fffbfac0000 - 0x00007fffbfb42000 	C:\Windows\System32\bcryptPrimitives.dll
0x00007fffa5c80000 - 0x00007fffa5ca9000 	C:\Program Files\Android\Android Studio\jre\bin\java.dll
0x00007fffba9f0000 - 0x00007fffba9fb000 	C:\Program Files\Android\Android Studio\jre\bin\jimage.dll
0x00007fffb7e90000 - 0x00007fffb7ea8000 	C:\Program Files\Android\Android Studio\jre\bin\zip.dll
0x00007fffc14b0000 - 0x00007fffc1bf4000 	C:\Windows\System32\SHELL32.dll
0x00007fffbd970000 - 0x00007fffbe104000 	C:\Windows\SYSTEM32\windows.storage.dll
0x00007fffc0f70000 - 0x00007fffc12c4000 	C:\Windows\System32\combase.dll
0x00007fffbf2f0000 - 0x00007fffbf320000 	C:\Windows\SYSTEM32\Wldp.dll
0x00007fffc2020000 - 0x00007fffc20cd000 	C:\Windows\System32\SHCORE.dll
0x00007fffc0b60000 - 0x00007fffc0bb5000 	C:\Windows\System32\shlwapi.dll
0x00007fffbf7d0000 - 0x00007fffbf7ef000 	C:\Windows\SYSTEM32\profapi.dll
0x00007fff9ff70000 - 0x00007fff9ff8a000 	C:\Program Files\Android\Android Studio\jre\bin\net.dll
0x00007fffb5a40000 - 0x00007fffb5b4a000 	C:\Windows\SYSTEM32\WINHTTP.dll
0x00007fffbf050000 - 0x00007fffbf0ba000 	C:\Windows\system32\mswsock.dll
0x00007fff9cff0000 - 0x00007fff9d004000 	C:\Program Files\Android\Android Studio\jre\bin\nio.dll
0x00007fffa0420000 - 0x00007fffa0447000 	C:\Users\Amit Dhiman\.gradle\native\e1d6ef7f7dcc3fd88c89a11ec53ec762bb8ba0a96d01ffa2cd45eb1d1d8dd5c5\windows-amd64\native-platform.dll
0x00007fff506d0000 - 0x00007fff50814000 	C:\Users\Amit Dhiman\.gradle\native\5664cfc778a61ccfe75a443a1ab52a65af34e5dc3c78e0209fed803814484fcb\windows-amd64\native-platform-file-events.dll
0x00007fffba750000 - 0x00007fffba75a000 	C:\Program Files\Android\Android Studio\jre\bin\management.dll
0x00007fffb7f20000 - 0x00007fffb7f2d000 	C:\Program Files\Android\Android Studio\jre\bin\management_ext.dll
0x00007fffbf240000 - 0x00007fffbf258000 	C:\Windows\SYSTEM32\CRYPTSP.dll
0x00007fffbe960000 - 0x00007fffbe994000 	C:\Windows\system32\rsaenh.dll
0x00007fffbff20000 - 0x00007fffbff47000 	C:\Windows\System32\bcrypt.dll
0x00007fffbf790000 - 0x00007fffbf7be000 	C:\Windows\SYSTEM32\USERENV.dll
0x00007fffbf260000 - 0x00007fffbf26c000 	C:\Windows\SYSTEM32\CRYPTBASE.dll
0x00007fffbecf0000 - 0x00007fffbed2b000 	C:\Windows\SYSTEM32\IPHLPAPI.DLL
0x00007fffc0b50000 - 0x00007fffc0b58000 	C:\Windows\System32\NSI.dll
0x00007fffb6620000 - 0x00007fffb6637000 	C:\Windows\SYSTEM32\dhcpcsvc6.DLL
0x00007fffb6600000 - 0x00007fffb661d000 	C:\Windows\SYSTEM32\dhcpcsvc.DLL
0x00007fffbed30000 - 0x00007fffbedfa000 	C:\Windows\SYSTEM32\DNSAPI.dll
0x00007fffbe5e0000 - 0x00007fffbe613000 	C:\Windows\SYSTEM32\ntmarta.dll

dbghelp: loaded successfully - version: 4.0.5 - missing functions: none
symbol engine: initialized successfully - sym options: 0x614 - pdb path: .;C:\Program Files\Android\Android Studio\jre\bin;C:\Windows\SYSTEM32;C:\Windows\WinSxS\amd64_microsoft.windows.common-controls_6595b64144ccf1df_6.0.19041.1110_none_60b5254171f9507e;C:\Program Files\Android\Android Studio\jre\bin\server;C:\Users\Amit Dhiman\.gradle\native\e1d6ef7f7dcc3fd88c89a11ec53ec762bb8ba0a96d01ffa2cd45eb1d1d8dd5c5\windows-amd64;C:\Users\Amit Dhiman\.gradle\native\5664cfc778a61ccfe75a443a1ab52a65af34e5dc3c78e0209fed803814484fcb\windows-amd64

VM Arguments:
jvm_args: --add-opens=java.base/java.util=ALL-UNNAMED --add-opens=java.base/java.lang=ALL-UNNAMED --add-opens=java.base/java.lang.invoke=ALL-UNNAMED --add-opens=java.base/java.util=ALL-UNNAMED --add-opens=java.prefs/java.util.prefs=ALL-UNNAMED --add-opens=java.prefs/java.util.prefs=ALL-UNNAMED --add-opens=java.base/java.nio.charset=ALL-UNNAMED --add-opens=java.base/java.net=ALL-UNNAMED --add-opens=java.base/java.util.concurrent.atomic=ALL-UNNAMED -Xmx2048m -Dfile.encoding=UTF-8 -Duser.country=US -Duser.language=en -Duser.variant 
java_command: org.gradle.launcher.daemon.bootstrap.GradleDaemon 7.3.3
java_class_path (initial): C:\Users\Amit Dhiman\.gradle\wrapper\dists\gradle-7.3.3-bin\6a41zxkdtcxs8rphpq6y0069z\gradle-7.3.3\lib\gradle-launcher-7.3.3.jar
Launcher Type: SUN_STANDARD

[Global flags]
     intx CICompilerCount                          = 3                                         {product} {ergonomic}
     uint ConcGCThreads                            = 2                                         {product} {ergonomic}
     uint G1ConcRefinementThreads                  = 6                                         {product} {ergonomic}
   size_t G1HeapRegionSize                         = 1048576                                   {product} {ergonomic}
    uintx GCDrainStackTargetSize                   = 64                                        {product} {ergonomic}
   size_t InitialHeapSize                          = 134217728                                 {product} {ergonomic}
   size_t MarkStackSize                            = 4194304                                   {product} {ergonomic}
   size_t MaxHeapSize                              = 2147483648                                {product} {command line}
   size_t MaxNewSize                               = 1287651328                                {product} {ergonomic}
   size_t MinHeapDeltaBytes                        = 1048576                                   {product} {ergonomic}
    uintx NonNMethodCodeHeapSize                   = 5830732                                {pd product} {ergonomic}
    uintx NonProfiledCodeHeapSize                  = 122913754                              {pd product} {ergonomic}
    uintx ProfiledCodeHeapSize                     = 122913754                              {pd product} {ergonomic}
    uintx ReservedCodeCacheSize                    = 251658240                              {pd product} {ergonomic}
     bool SegmentedCodeCache                       = true                                      {product} {ergonomic}
     bool UseCompressedClassPointers               = true                                 {lp64_product} {ergonomic}
     bool UseCompressedOops                        = true                                 {lp64_product} {ergonomic}
     bool UseG1GC                                  = true                                      {product} {ergonomic}
     bool UseLargePagesIndividualAllocation        = false                                  {pd product} {ergonomic}

Logging:
Log output configuration:
 #0: stdout all=warning uptime,level,tags
 #1: stderr all=off uptime,level,tags

Environment Variables:
PATH=C:\Windows\system32;C:\Windows;C:\Windows\System32\Wbem;C:\Windows\System32\WindowsPowerShell\v1.0\;C:\Windows\System32\OpenSSH\;C:\Program Files\PuTTY\;C:\Program Files\SafeNet\Authentication\SAC\x64;C:\Program Files\SafeNet\Authentication\SAC\x32;C:\Program Files (x86)\Windows Kits\10\Windows Performance Toolkit\;C:\Program Files\Git\cmd;C:\Users\Amit Dhiman\.poetry\bin;C:\Program Files\MySQL\MySQL Shell 8.0\bin\;C:\Users\Amit Dhiman\AppData\Local\Programs\Python\Python310\Scripts\;C:\Users\Amit Dhiman\AppData\Local\Programs\Python\Python310\;C:\Users\Amit Dhiman\AppData\Local\Microsoft\WindowsApps;C:\Program Files\JetBrains\PyCharm Community Edition 2022.1\bin;;C:\Python27\Scripts;C:\Python27;C:\Users\Amit Dhiman\AppData\Local\GitHubDesktop\bin
USERNAME=Amit Dhiman
OS=Windows_NT
PROCESSOR_IDENTIFIER=Intel64 Family 6 Model 158 Stepping 10, GenuineIntel



---------------  S Y S T E M  ---------------

OS: Windows 10 , 64 bit Build 19041 (10.0.19041.1889)
OS uptime: 0 days 4:36 hours

CPU:total 6 (initial active 6) (6 cores per cpu, 1 threads per core) family 6 model 158 stepping 10 microcode 0xc6, cmov, cx8, fxsr, mmx, sse, sse2, sse3, ssse3, sse4.1, sse4.2, popcnt, avx, avx2, aes, clmul, erms, 3dnowpref, lzcnt, tsc, tscinvbit, bmi1, bmi2, adx, fma

Memory: 4k page, system-wide physical 8084M (151M free)
TotalPageFile size 32629M (AvailPageFile size 273M)
current process WorkingSet (physical memory assigned to process): 402M, peak: 414M
current process commit charge ("private bytes"): 610M, peak: 917M

vm_info: OpenJDK 64-Bit Server VM (11.0.12+7-b1504.28-7817840) for windows-amd64 JRE (11.0.12+7-b1504.28-7817840), built on Oct 13 2021 22:12:33 by "builder" with MS VC++ 14.0 (VS2015)

END.
